0 93 28
4 92 1
3 50 0
x
x
10 8 28
x
4 24 1
4 41 2
x
15 9 21
12 58 32
x
14 72 6
11 18 43
1 19 17
12 99 44
12 61 33
0 95 29
3 34 29
10 12 30
x
x
9 66 0
12 66 34
13 54 1
x
x
15 84 31
14 75 7
12 71 35
11 28 2
1 21 18
8 52 24
5 0 3
14 76 8
x
5 75 42
7 35 25
x
7 38 26
4 33 24
8 56 27
7 42 28
8 7 2
14 80 9
15 88 32
x
4 97 3
3 73 22
3 53 4
11 33 4
4 38 25
7 46 29
11 34 5
7 48 30
14 83 10
0 11 19
3 36 5
3 67 6
3 38 26
14 88 11
11 37 6
11 39 7
12 74 36
14 89 12
12 92 7
0 16 20
x
10 37 8
1 23 21
x
0 21 22
x
x
2 99 30
7 50 31
5 2 3
6 8 31
11 40 8
0 24 23
7 54 32
7 59 33
11 97 22
5 77 43
x
5 39 9
x
12 79 37
1 40 4
12 0 44
9 99 27
6 10 32
15 13 23
5 91 28
15 18 24
x
x
12 81 38
3 76 23
15 20 25
14 93 13
3 43 29
11 44 9
x
15 22 26
9 63 24
11 45 10
x
15 0 5
10 24 30
x
6 74 39
15 92 33
11 68 6
7 63 34
10 15 34
11 48 11
x
10 27 31
3 0 35
x
5 79 0
3 5 36
3 10 37
3 15 38
5 99 32
7 65 35
14 28 14
15 97 39
x
12 5 1
6 0 10
15 26 27
5 42 11
10 96 12
6 6 13
8 99 14
x
3 80 25
6 14 33
11 53 12
12 84 40
x
0 27 24
3 83 26
12 6 2
11 99 28
12 10 3
3 87 27
12 87 41
11 56 13
x
0 48 15
11 23 7
2 0 42
x
11 59 14
15 28 29
14 95 15
14 33 16
4 45 40
x
13 56 30
10 32 33
13 59 31
7 70 36
7 72 37
2 62 34
11 61 15
7 73 38
14 35 17
13 63 32
3 17 41
x
x
0 32 25
7 77 39
14 39 18
13 65 33
6 16 34
11 73 8
13 79 28
2 65 35
9 71 9
14 44 19
7 78 40
4 50 42
13 70 34
x
2 4 43
0 37 26
7 80 41
13 83 29
11 62 16
11 63 17
1 62 18
6 21 35
2 68 36
1 64 19
12 12 4
1 28 37
1 68 20
5 5 27
7 81 42
1 73 21
12 13 5
1 75 22
14 48 20
0 99 36
1 79 23
x
x
x
7 85 43
4 54 43
4 56 44
2 6 44
x
12 96 16
13 73 35
14 3 36
10 18 17
x
x
6 26 37
3 92 30
x
13 87 31
14 99 38
x
2 11 0
3 95 18
13 91 32
13 93 33
x
1 32 39
x
4 58 0
1 80 24
5 9 28
10 34 40
x
14 7 37
13 94 34
9 0 35
2 12 1
5 11 29
1 82 25
2 17 2
10 83 41
4 26 10
14 49 21
1 85 26
0 41 42
7 87 44
12 14 6
9 3 36
x
x
14 51 22
9 8 37
14 55 23
x
9 12 38
6 30 38
5 16 30
9 14 39
9 17 40
2 21 3
7 88 0
0 39 31
x
14 59 24
1 49 19
2 23 4
7 89 1
x
1 26 32
14 0 20
9 19 41
2 72 43
1 36 44
7 0 25
x
10 22 21
10 88 0
x
x
6 32 39
8 92 22
15 99 1
13 28 2
5 19 33
7 3 26
3 58 23
13 0 40
0 52 42
7 90 2
13 75 38
x
x
13 2 41
7 95 3
0 56 43
14 12 39
13 32 3
14 15 40
1 89 27
14 19 41
2 49 1
x
0 60 44
2 26 5
13 99 0
0 43 24
7 6 27
x
12 18 7
x
2 54 2
8 94 25
14 22 42
x
7 9 28
0 0 11
13 5 42
7 13 29
12 21 8
6 76 43
12 22 9
2 29 6
8 58 3
7 17 30
12 27 10
1 94 28
1 55 26
5 21 34
7 97 4
13 37 4
13 39 5
5 25 35
7 20 31
x
13 6 43
x
5 27 36
10 99 27
7 25 32
1 47 4
0 62 1
2 33 7
13 49 28
5 30 37
1 45 12
15 5 13
2 36 8
5 45 29
5 32 38
2 41 9
13 11 44
4 64 33
5 37 39
10 49 40
7 30 34
x
13 13 0
13 43 6
9 22 2
9 24 7
6 78 44
8 84 29
x
13 17 1
8 63 5
10 51 41
0 65 3
6 80 0
7 33 35
12 29 11
6 83 1
9 75 6
5 49 30
0 68 4
10 91 7
x
0 4 14
4 0 5
x
9 80 8
0 70 6
x
8 9 10
x
13 20 2
x
1 53 9
x
x
8 13 11
x
8 72 15
x
12 34 12
6 87 2
8 16 12
x
14 61 36
13 23 3
1 58 30
8 89 31
8 19 13
6 90 3
x
4 69 37
8 23 14
15 57 4
6 93 4
6 95 5
15 32 6
15 36 7
15 41 8
4 73 38
4 5 7
2 46 15
x
10 54 42
10 55 43
9 84 10
0 8 11
13 45 8
12 37 13
8 97 32
12 90 33
4 8 8
10 40 34
6 34 14
x
4 75 39
15 46 9
8 68 12
x
x
10 60 44
x
3 48 13
8 28 16
x
8 33 17
x
x
15 50 10
8 0 35
4 13 9
1 99 31
4 78 40
10 45 36
6 39 15
8 4 37
x
10 65 0
6 40 16
x
2 59 14
15 53 11
15 61 5
10 16 9
x
x
x
11 0 15
x
x
x
2 47 18
6 99 12
x
x
x
4 16 10
4 17 11
9 28 10
x
5 93 38
9 31 11
10 69 1
5 96 39
4 79 41
2 74 13
8 77 16
x
x
2 77 14
6 45 17
10 74 2
15 65 6
4 20 12
2 79 15
11 79 13
4 80 42
6 48 18
5 54 32
5 57 33
6 50 19
3 63 17
2 60 16
x
9 32 12
15 68 7
6 54 20
6 57 21
9 36 13
11 83 14
15 71 8
13 25 9
2 84 16
x
6 58 22
15 76 10
11 2 17
11 7 18
2 86 17
3 65 18
8 38 19
4 21 15
6 63 23
11 12 19
5 58 34
13 77 18
4 22 16
5 61 35
6 65 24
9 43 14
x
x
2 90 19
2 94 20
4 82 43
9 40 15
5 63 36
2 96 21
0 74 22
5 64 37
x
x
8 43 20
x
x
11 88 17
11 13 20
x
x
3 99 19
1 0 11
11 90 18
x
6 67 25
1 5 12
9 90 20
11 16 21
15 80 13
5 65 38
6 68 26
x
x
8 80 21
11 93 19
3 19 22
x
15 82 14
0 77 23
9 47 16
9 48 17
4 85 44
1 10 15
1 15 16
0 81 24
x
8 44 21
x
8 47 22
x
x
3 24 23
14 64 3
10 79 4
9 95 22
9 51 18
6 70 27
x
x
12 42 28
14 68 5
x
4 89 0
x
8 50 23
12 47 29
9 54 19
x
2 98 25
11 95 20
4 29 23
12 50 30
x
5 84 40
5 68 39
5 86 41
5 72 40
3 29 24
10 0 25
0 86 26
0 90 27
12 55 31
x
5 89 42
x
x
x
10 4 26
x
9 57 20
5 74 41
3 33 27
9 59 21
