0 93 28
4 92 1
3 50 0
x
x
10 8 28
x
10 37 1
0 48 2
x
4 0 21
12 58 32
x
7 8 6
9 66 43
13 19 17
5 43 44
12 61 33
0 95 29
10 12 29
10 13 30
x
x
10 40 0
12 66 34
6 4 1
x
x
11 0 31
7 11 7
12 71 35
1 62 2
13 21 18
8 52 24
14 0 3
7 12 8
x
11 58 42
7 35 25
x
7 38 26
2 62 24
8 56 27
7 42 28
6 6 2
7 16 9
11 4 32
x
4 97 3
3 73 22
0 43 4
1 67 4
9 98 25
7 46 29
1 68 5
7 48 30
7 19 10
0 11 19
0 41 5
1 49 6
2 67 26
7 24 11
1 71 6
1 73 7
12 74 36
7 25 12
4 24 7
0 16 20
x
4 41 8
13 23 21
x
0 21 22
x
x
0 99 30
7 50 31
8 99 3
2 74 31
1 74 8
0 24 23
7 54 32
7 59 33
4 4 22
11 60 43
x
5 0 9
x
12 79 37
15 0 4
6 34 44
2 72 27
2 76 32
4 6 23
12 99 28
4 11 24
x
x
12 81 38
3 76 23
4 13 25
7 29 13
3 38 29
1 78 9
x
4 15 26
3 80 24
1 79 10
x
11 18 5
3 43 30
x
12 40 39
11 8 33
0 0 6
7 63 34
10 16 34
1 82 11
x
4 29 31
3 0 35
x
11 62 0
3 5 36
3 10 37
3 15 38
13 54 32
7 65 35
14 64 14
11 13 39
x
6 39 1
3 67 10
4 19 27
12 92 11
3 53 12
3 36 13
3 56 14
x
3 82 25
2 80 33
1 87 12
12 84 40
x
0 27 24
3 85 26
6 40 2
15 30 28
6 44 3
3 89 27
12 87 41
1 90 13
x
10 96 15
11 23 7
2 0 42
x
1 93 14
9 0 29
7 31 15
14 69 16
4 45 40
x
9 3 30
3 46 33
9 6 31
7 70 36
7 72 37
4 34 34
1 95 15
7 73 38
14 71 17
4 21 32
3 17 41
x
x
0 32 25
7 77 39
14 75 18
9 10 33
2 82 34
0 5 8
11 79 28
4 37 35
9 71 9
14 80 19
7 78 40
4 50 42
9 15 34
x
2 4 43
0 37 26
7 80 41
11 83 29
1 96 16
1 97 17
5 45 18
2 87 35
8 72 36
5 47 19
6 46 4
8 76 37
5 51 20
5 5 27
7 81 42
5 56 21
6 47 5
5 58 22
14 84 20
2 92 36
5 62 23
x
x
x
7 85 43
11 15 43
4 54 44
2 6 44
x
12 96 16
9 18 35
6 76 36
3 95 17
x
x
2 93 37
11 87 30
x
11 89 31
3 48 38
x
2 11 0
5 39 18
11 93 32
0 72 33
x
2 49 39
x
4 56 0
5 63 24
5 9 28
8 80 40
x
6 80 37
11 95 34
13 79 35
2 12 1
5 11 29
5 65 25
2 17 2
2 53 41
10 22 10
14 85 21
5 68 26
8 82 42
7 87 44
6 48 6
13 82 36
x
x
14 87 22
13 87 37
14 91 23
x
13 91 38
2 97 38
5 16 30
13 93 39
13 96 40
2 21 3
7 88 0
0 39 31
x
14 95 24
6 0 19
2 23 4
7 89 1
x
13 26 32
10 18 20
9 43 41
14 99 43
2 58 44
14 28 25
x
3 65 21
10 24 0
x
x
2 99 39
10 20 22
4 61 1
9 24 2
5 19 33
14 31 26
1 55 23
15 57 40
9 46 42
7 90 2
9 20 38
x
x
15 59 41
7 95 3
9 50 43
6 85 39
9 28 3
6 88 40
5 72 27
6 92 41
10 27 1
x
13 98 44
2 26 5
9 54 0
3 58 24
14 34 27
x
6 52 7
x
10 83 2
8 92 25
6 95 42
x
14 37 28
9 90 11
15 62 42
14 41 29
6 55 8
14 3 43
6 56 9
2 29 6
10 88 3
14 45 30
6 61 10
5 77 28
8 95 26
5 21 34
7 97 4
9 33 4
9 35 5
5 25 35
14 48 31
x
15 63 43
x
5 27 36
1 60 27
14 53 32
10 93 4
9 55 1
2 33 7
13 49 28
5 30 37
8 6 12
10 45 13
2 36 8
11 28 29
5 32 38
2 41 9
15 68 44
14 58 33
5 37 39
10 49 40
4 64 34
x
15 70 0
9 39 6
9 58 2
13 28 7
14 5 44
5 93 29
x
15 74 1
8 58 5
10 51 41
9 59 3
14 7 0
14 97 35
6 63 11
14 10 1
8 63 6
11 32 30
9 62 4
10 32 7
x
9 94 14
13 56 5
x
9 75 8
13 61 6
x
8 9 10
x
15 77 2
x
10 94 9
x
x
8 13 11
x
11 68 15
x
6 68 12
14 14 2
8 16 12
x
4 67 36
15 80 3
8 84 30
3 62 31
8 19 13
14 17 3
x
4 69 37
8 23 14
1 0 4
14 20 4
14 22 5
15 32 6
15 36 7
15 41 8
4 73 38
13 64 7
2 46 15
x
10 54 42
10 55 43
9 79 10
8 68 11
13 32 8
6 71 13
3 99 32
4 43 33
13 67 8
1 40 34
12 0 14
x
4 75 39
15 46 9
9 84 12
x
x
10 60 44
x
8 70 13
8 28 16
x
8 33 17
x
x
15 50 10
8 87 35
13 72 9
5 82 31
4 78 40
1 45 36
12 5 15
5 84 37
x
10 65 0
12 6 16
x
9 87 14
15 53 11
1 4 5
4 62 9
x
x
x
3 19 15
x
x
x
2 47 18
9 22 12
x
x
x
9 64 10
13 75 11
13 35 10
x
5 87 38
9 41 11
10 69 1
8 0 39
4 79 41
6 8 13
15 5 16
x
x
6 11 14
12 11 17
10 74 2
1 8 6
15 9 12
6 13 15
15 10 13
4 80 42
12 14 18
11 37 32
11 40 33
12 16 19
10 99 17
9 88 16
x
13 38 12
1 11 7
12 20 20
12 23 21
13 42 13
15 14 14
1 14 8
1 19 9
6 18 16
x
12 24 22
1 21 10
3 21 17
3 26 18
6 20 17
12 90 18
8 38 19
15 19 15
12 29 23
3 31 19
11 41 34
14 26 18
15 20 16
11 44 35
12 31 24
0 52 14
x
x
6 24 19
6 28 20
4 82 43
13 46 15
11 46 36
6 30 21
0 74 22
11 47 37
x
x
8 43 20
x
x
15 21 17
3 32 20
x
x
12 94 19
13 0 11
15 23 18
x
12 33 25
13 5 12
11 73 20
15 84 21
1 25 13
11 48 38
12 34 26
x
x
1 28 21
15 26 19
15 85 22
x
15 82 14
0 77 23
0 56 16
0 57 17
4 85 44
13 10 15
13 15 16
0 81 24
x
8 44 21
x
8 47 22
x
x
15 90 23
7 0 3
10 79 4
1 31 22
0 60 18
12 36 27
x
x
12 42 28
7 4 5
x
4 89 0
x
8 50 23
12 47 29
0 63 19
x
6 32 25
15 28 20
1 35 23
12 50 30
x
5 90 40
11 51 39
8 3 41
11 55 40
15 95 24
10 0 25
0 86 26
0 90 27
12 55 31
x
5 98 42
x
x
x
10 4 26
x
0 66 20
11 57 41
15 99 27
0 68 21
