13 73 28
3 10 1
10 37 0
x
x
1 28 28
x
14 0 1
4 24 2
x
14 71 21
3 81 32
x
0 63 6
1 49 43
7 39 17
9 73 44
3 84 33
8 72 29
1 32 29
1 33 30
x
x
0 27 0
3 89 34
0 32 1
x
x
14 3 31
0 66 7
9 90 35
10 49 2
7 41 18
5 74 24
3 50 3
0 67 8
x
8 54 42
5 78 25
x
2 49 26
10 4 24
5 81 27
2 53 28
0 33 2
12 0 9
14 7 32
x
3 15 3
7 7 22
10 96 4
10 54 4
4 97 25
2 57 29
10 55 5
2 59 30
12 3 10
7 43 19
3 36 5
10 18 6
10 9 26
0 71 11
10 58 6
10 60 7
9 93 36
12 8 12
0 48 7
7 48 20
x
11 0 8
7 53 21
x
7 56 22
x
x
13 75 30
1 55 31
0 34 3
13 76 31
10 61 8
7 59 23
8 58 32
8 63 33
14 75 22
0 0 43
x
12 92 9
x
10 46 37
0 35 4
0 2 44
4 99 27
8 76 32
14 77 23
10 14 28
14 82 24
x
x
13 49 38
7 10 23
14 84 25
12 12 13
2 62 29
10 65 9
x
14 86 26
7 14 24
10 66 10
x
15 57 5
2 67 30
x
9 98 39
14 11 33
15 62 6
1 59 34
1 36 34
10 69 11
x
10 24 31
14 16 35
x
8 84 0
14 21 36
13 79 37
1 37 38
10 15 32
4 0 35
12 14 14
13 84 39
x
8 56 1
6 0 10
14 90 27
11 2 11
4 41 12
0 41 13
3 65 14
x
7 16 25
8 80 33
10 74 12
13 52 40
x
7 62 24
7 19 26
1 62 2
9 64 28
0 7 3
7 23 27
1 0 41
10 77 13
x
5 0 15
15 67 7
1 2 42
x
10 80 14
14 92 29
12 19 15
12 22 16
13 86 40
x
14 95 30
2 70 33
15 32 31
8 67 36
5 82 37
10 29 34
3 38 15
4 5 38
12 24 17
15 36 32
14 26 41
x
x
7 67 25
8 69 39
12 28 18
15 38 33
9 0 34
15 71 8
7 28 28
10 32 35
15 76 9
12 33 19
4 9 40
13 91 42
15 43 34
x
1 6 43
7 72 26
8 70 41
15 84 29
3 39 16
3 40 17
3 43 18
9 5 35
9 24 36
3 45 19
0 9 4
9 28 37
8 92 20
7 74 27
4 11 42
4 29 21
8 88 5
4 31 22
0 72 20
8 82 36
8 97 23
x
x
x
4 15 43
13 95 43
13 97 44
1 8 44
x
11 4 16
15 46 35
15 48 36
0 43 17
x
x
9 10 37
7 32 30
x
15 88 31
10 16 38
x
9 99 0
12 96 18
15 92 32
3 63 33
x
9 32 39
x
4 45 0
4 35 24
7 78 28
9 36 40
x
11 68 37
15 94 34
6 76 35
1 13 1
7 80 29
4 37 25
1 18 2
2 0 41
15 79 10
12 37 21
8 9 26
2 72 42
4 17 44
1 66 6
6 79 36
x
x
6 34 22
6 84 37
6 38 23
x
6 88 38
9 14 38
7 85 30
6 90 39
6 93 40
1 22 3
4 18 0
14 62 31
x
12 39 24
3 53 19
1 24 4
4 19 1
x
7 88 32
11 7 20
6 95 41
10 35 43
9 38 44
6 42 25
x
14 99 21
2 5 0
x
x
9 16 39
11 9 22
13 99 1
4 50 2
7 89 33
6 45 26
3 67 23
9 17 40
5 5 42
5 93 2
15 52 38
x
x
9 19 41
5 98 3
5 9 43
11 73 39
4 54 3
13 0 40
8 13 27
13 4 41
2 8 1
x
6 98 44
5 84 5
15 99 0
11 11 24
6 48 27
x
1 70 7
x
2 13 2
9 75 25
13 7 42
x
6 51 28
4 64 11
9 22 42
6 55 29
8 89 8
15 54 43
1 73 9
5 87 6
2 18 3
6 59 30
1 78 10
8 18 28
9 78 26
7 91 34
4 20 4
4 59 4
0 74 5
7 95 35
6 62 31
x
15 0 43
x
7 97 36
12 90 27
6 67 32
9 41 4
5 13 1
3 19 7
3 95 28
11 28 37
15 80 12
4 68 13
3 22 8
8 23 29
11 30 38
3 27 9
15 5 44
11 79 33
11 35 39
11 36 40
6 72 34
x
13 28 0
4 61 6
5 16 2
0 78 7
11 76 44
5 39 29
x
13 32 1
2 23 5
11 38 41
5 17 3
13 12 0
11 84 35
1 80 11
13 15 1
2 28 6
8 27 30
5 20 4
2 33 7
x
4 71 14
5 22 5
x
2 37 8
5 27 6
x
10 83 10
x
13 35 2
x
2 41 9
x
x
3 32 11
x
4 75 15
x
1 85 12
13 19 2
10 87 12
x
11 85 36
13 38 3
9 81 30
11 15 31
10 90 13
13 22 3
x
11 87 37
5 45 14
13 40 4
13 25 4
15 9 5
15 13 6
15 17 7
15 22 8
11 91 38
5 30 7
5 91 15
x
11 41 42
11 42 43
2 42 10
12 42 11
0 82 8
1 88 13
6 6 32
8 99 33
5 33 8
9 84 34
1 92 14
x
11 93 39
15 27 9
12 44 12
x
x
11 47 44
x
2 47 13
5 50 16
x
5 55 17
x
x
11 18 10
9 66 35
9 43 9
8 32 31
11 96 40
9 70 36
8 90 15
0 11 37
x
11 52 0
6 8 16
x
12 47 14
11 21 11
13 44 5
0 85 9
x
x
x
12 48 15
x
x
x
10 94 18
11 24 12
x
x
x
9 46 10
9 47 11
0 86 10
x
0 14 38
0 89 11
11 56 1
0 17 39
11 97 41
2 74 13
4 80 16
x
x
11 25 14
1 97 17
11 61 2
14 28 6
9 50 12
2 77 15
9 51 13
11 98 42
6 13 18
8 33 32
8 36 33
6 15 19
15 82 17
12 50 16
x
0 90 12
14 31 7
6 19 20
6 22 21
0 94 13
9 55 14
14 34 8
14 39 9
2 82 16
x
6 23 22
14 41 10
12 51 17
12 56 18
2 84 17
4 83 18
5 60 19
9 60 15
6 28 23
12 61 19
8 37 34
2 88 18
9 61 16
8 40 35
6 30 24
3 58 14
x
x
2 89 19
2 93 20
3 0 43
0 98 15
8 42 36
2 95 21
2 97 22
8 43 37
x
x
5 65 20
x
x
9 62 17
12 62 20
x
x
4 84 19
14 45 11
14 64 18
x
6 32 25
14 50 12
4 85 20
12 65 21
14 55 13
8 44 38
10 40 26
x
x
4 90 21
14 67 19
12 66 22
x
15 7 14
13 56 23
3 62 16
8 0 17
3 3 44
14 57 15
7 35 16
13 60 24
x
5 66 21
x
5 69 22
x
x
12 71 23
0 52 3
0 56 4
4 93 22
8 3 18
10 42 27
x
x
1 40 28
0 59 5
x
3 7 0
x
5 72 23
1 45 29
7 0 19
x
13 65 25
14 69 20
10 0 23
3 73 30
x
0 20 40
8 47 39
0 22 41
8 51 40
12 76 24
12 80 25
13 66 26
13 70 27
3 78 31
x
0 25 42
x
x
x
12 84 26
x
8 6 20
8 53 41
12 88 27
7 3 21
