5 62 28
13 41 1
0 0 0
x
x
15 32 28
x
1 0 1
2 0 2
x
10 83 21
7 93 32
x
11 28 6
4 88 43
8 43 17
4 93 44
0 2 33
5 64 29
3 93 29
15 36 30
x
x
4 94 0
0 11 34
4 99 1
x
x
15 39 31
8 89 7
7 96 35
13 49 2
9 38 18
14 28 24
3 0 3
11 31 8
x
1 78 42
14 32 25
x
14 35 26
6 66 24
14 39 27
14 40 28
13 1 2
11 35 9
15 43 32
x
13 56 3
2 62 22
4 0 4
13 46 4
6 71 25
14 44 29
13 59 5
14 46 30
11 38 10
8 45 19
5 0 5
6 0 6
6 76 26
8 90 11
13 62 6
13 47 7
0 16 36
11 43 12
7 0 7
9 48 20
x
8 0 8
8 50 21
x
9 53 22
x
x
5 68 30
14 48 31
14 1 3
5 69 31
13 64 8
8 53 23
14 52 32
14 57 33
10 87 22
1 80 43
x
9 0 9
x
0 7 37
13 2 4
1 82 44
6 73 27
5 71 32
10 89 23
6 74 28
10 96 24
x
x
0 21 38
2 65 23
10 98 25
8 96 13
6 81 29
13 54 9
x
11 2 26
2 69 24
13 68 10
x
5 5 5
6 86 30
x
7 99 39
15 47 33
6 8 6
14 61 34
15 30 34
13 71 11
x
6 89 31
15 57 35
x
1 87 0
15 62 36
15 67 37
15 52 38
6 94 32
14 64 35
11 47 14
15 54 39
x
1 91 1
10 0 10
12 3 27
11 0 11
12 0 12
13 0 13
14 0 14
x
2 74 25
5 75 33
13 79 12
0 24 40
x
9 56 24
2 77 26
1 92 2
10 94 28
1 96 3
2 81 27
0 27 41
13 82 13
x
15 0 15
6 13 7
0 29 42
x
13 76 14
12 5 29
11 52 15
11 25 16
15 72 40
x
11 6 30
6 95 33
12 8 31
14 69 36
14 71 37
6 97 34
13 85 15
14 72 38
11 55 17
12 12 32
15 77 41
x
x
8 58 25
14 76 39
11 59 18
12 14 33
5 77 34
6 17 8
2 86 28
15 3 35
6 22 9
11 68 19
14 77 40
15 78 42
12 19 34
x
0 33 43
9 40 26
14 79 41
2 90 29
13 86 16
13 87 17
13 90 18
5 84 35
15 9 36
13 92 19
1 98 4
2 3 37
1 15 20
9 61 27
14 80 42
13 96 21
1 99 5
1 20 22
8 99 20
5 82 36
13 98 23
x
x
x
14 84 43
15 84 43
15 86 44
0 35 44
x
3 2 16
12 22 35
12 24 36
4 4 17
x
x
5 93 37
2 71 30
x
2 94 31
2 7 38
x
0 9 0
4 8 18
2 98 32
15 99 33
x
2 8 39
x
15 88 0
1 24 24
8 63 28
3 5 40
x
12 28 37
8 2 34
9 3 35
0 52 1
8 65 29
1 28 25
0 43 2
3 7 41
6 6 10
11 64 21
1 31 26
15 6 42
14 86 44
7 9 6
10 5 36
x
x
11 72 22
7 3 37
11 79 23
x
7 7 38
5 89 38
9 66 30
8 9 39
9 6 40
0 48 3
14 87 0
9 69 31
x
11 76 24
4 12 19
0 57 4
14 88 1
x
8 56 32
4 16 20
10 10 41
15 7 43
3 12 44
11 83 25
x
4 18 21
3 15 0
x
x
5 91 39
4 19 22
15 82 1
15 93 2
9 70 33
11 86 26
4 29 23
5 97 40
10 13 42
14 89 2
12 33 38
x
x
11 9 41
14 94 3
10 18 43
12 35 39
5 10 3
12 42 40
1 40 27
12 38 41
3 19 1
x
10 24 44
0 60 5
10 22 0
4 34 24
11 89 27
x
7 13 7
x
3 24 2
4 24 25
12 46 42
x
11 92 28
6 25 11
8 7 42
11 96 29
7 16 8
12 51 43
7 17 9
0 63 6
3 29 3
1 2 30
7 22 10
1 49 28
4 41 26
8 72 34
x
15 97 4
2 12 5
9 72 35
1 5 31
x
8 12 43
x
9 75 36
4 21 27
13 7 32
3 34 4
10 26 1
0 67 7
4 45 28
8 76 37
6 29 12
6 34 13
0 74 8
1 35 29
8 78 38
0 79 9
9 8 44
1 10 33
9 78 39
9 79 40
13 12 34
14 96 4
9 10 0
2 16 6
10 29 2
2 18 7
12 53 44
4 50 29
x
9 14 1
3 38 5
9 81 41
10 30 3
12 55 0
11 16 35
7 24 11
12 58 1
3 43 6
1 55 30
10 33 4
3 53 7
x
6 37 14
10 40 5
x
3 58 8
10 45 6
x
0 84 10
x
8 17 2
x
3 36 9
x
x
0 70 11
x
6 41 15
x
7 29 12
12 62 2
0 88 12
x
13 15 36
9 17 3
4 55 30
4 38 31
0 91 13
12 65 3
x
13 17 37
0 95 14
8 20 4
12 68 4
12 70 5
12 74 6
12 78 7
12 83 8
13 21 38
10 49 7
0 41 15
x
8 70 42
8 84 43
3 67 10
3 50 11
2 22 8
7 35 13
4 22 32
4 58 33
10 52 8
4 64 34
7 39 14
x
13 23 39
12 96 9
3 73 12
x
x
9 84 44
x
3 48 13
14 3 16
x
14 8 17
x
x
12 92 10
4 59 35
10 57 9
13 99 31
13 26 40
4 69 36
7 32 15
4 72 37
x
8 92 0
7 44 16
x
3 62 14
5 15 11
9 19 5
2 25 9
x
x
x
3 76 15
x
x
x
0 50 18
12 88 12
x
x
x
10 35 10
10 60 11
2 26 10
x
4 75 38
2 29 11
9 90 1
4 78 39
13 28 41
5 18 13
6 46 16
x
x
5 1 14
7 49 17
9 95 2
8 24 6
10 37 12
5 21 15
10 63 13
13 29 42
7 52 18
1 45 32
1 26 33
7 54 19
6 31 17
3 63 16
x
2 30 12
9 24 7
7 58 20
7 33 21
2 34 13
10 67 14
8 27 8
9 27 9
5 26 16
x
7 61 22
9 29 10
3 78 17
3 83 18
5 28 17
6 32 18
14 13 19
10 38 15
7 66 23
3 65 19
1 62 34
12 90 18
10 72 16
1 65 35
7 68 24
2 38 14
x
x
5 32 19
5 36 20
13 31 43
2 42 15
1 60 36
5 39 21
5 41 22
1 67 37
x
x
14 18 20
x
x
10 73 17
3 88 20
x
x
6 49 19
8 32 11
10 75 18
x
7 70 25
9 33 12
6 50 20
3 91 21
8 37 13
1 68 38
7 71 26
x
x
6 55 21
10 78 19
3 95 22
x
5 99 14
5 45 23
2 44 16
2 45 17
13 34 44
9 43 15
8 39 16
5 49 24
x
14 19 21
x
14 22 22
x
x
15 13 23
11 12 3
11 18 4
6 58 22
2 49 18
7 73 27
x
x
7 77 28
11 21 5
14 99 5
13 38 0
x
14 25 23
7 82 29
2 52 19
x
5 54 25
10 80 20
6 62 23
7 85 30
x
4 81 40
1 71 39
4 83 41
1 75 40
15 18 24
15 22 25
5 55 26
5 59 27
7 90 31
x
4 86 42
x
x
x
15 26 26
x
2 55 20
1 77 41
3 92 27
2 57 21
