12 39 33
2 77 35
10 37 7
x
11 65 10
6 27 4
x
2 0 8
1 50 17
x
11 42 7
4 88 42
x
5 51 19
1 40 16
5 36 21
12 90 43
4 91 13
12 42 2
10 99 28
11 14 43
x
x
7 9 17
5 76 14
12 94 44
x
x
4 18 5
3 17 6
7 83 43
0 79 36
14 54 22
13 96 0
12 92 9
2 67 30
x
10 76 4
14 94 42
x
15 95 1
3 58 13
10 80 24
2 96 2
0 46 0
4 69 20
10 4 6
11 77 11
2 74 19
3 6 39
7 2 31
0 72 1
11 3 38
4 96 32
0 76 20
10 93 33
9 60 40
1 67 41
0 41 0
10 18 37
8 3 14
3 34 7
6 72 12
2 60 2
0 93 15
10 64 31
13 49 18
0 62 42
x
14 0 10
13 45 29
x
2 57 30
x
x
14 26 28
7 91 3
14 99 1
0 52 34
13 74 29
9 49 31
x
7 95 4
2 36 25
3 79 5
x
6 0 19
x
5 71 37
9 2 18
10 83 24
15 7 24
14 50 3
5 25 20
5 42 25
10 24 26
x
14 97 12
2 86 44
2 32 6
3 13 27
5 49 12
14 16 15
2 71 3
x
3 19 8
8 15 29
4 76 21
15 99 13
13 3 19
14 13 43
x
2 72 32
13 20 15
6 13 20
8 81 34
5 88 29
4 79 37
x
15 17 16
5 8 16
x
9 82 18
11 28 17
14 28 18
10 46 35
8 95 26
x
7 66 41
15 22 36
x
6 74 42
11 18 38
4 38 28
7 0 11
8 92 20
3 36 1
1 49 2
x
0 24 40
15 49 35
7 71 22
5 73 0
x
15 62 43
6 36 7
2 82 19
10 16 21
8 64 6
13 31 15
0 88 38
12 64 23
1 98 9
11 0 21
11 23 11
3 89 8
x
5 58 13
6 42 39
1 24 21
6 63 13
1 8 19
6 99 14
1 21 40
0 5 39
9 35 9
5 81 35
10 81 25
15 14 44
4 62 4
x
11 68 32
6 40 29
5 89 30
x
x
4 64 44
15 82 26
12 59 42
4 48 21
10 51 10
4 4 21
9 26 8
2 13 0
7 6 7
13 66 33
0 98 36
8 11 7
9 32 41
x
9 87 39
2 55 23
3 93 27
7 35 9
10 68 5
1 77 24
15 72 14
13 56 11
9 7 5
6 76 30
14 62 43
11 5 6
7 74 38
12 49 36
x
10 70 15
5 63 44
3 75 31
1 53 8
2 47 29
13 70 6
x
x
x
14 90 37
2 21 37
8 9 38
7 86 16
x
10 96 22
9 30 30
0 36 10
9 66 32
x
1 37 5
5 32 4
12 20 30
x
3 9 10
2 10 27
x
9 86 33
15 3 33
0 22 31
6 3 22
x
13 8 7
x
10 8 20
3 73 16
3 32 24
1 59 40
x
7 44 22
14 36 16
5 13 41
2 89 17
11 60 0
5 60 25
15 89 9
2 16 17
12 99 2
7 61 14
14 74 32
14 11 28
8 69 28
0 84 20
1 16 17
x
x
3 45 34
4 34 11
8 53 35
x
4 29 32
8 34 36
14 56 32
4 31 42
15 32 33
6 86 40
10 91 29
8 39 17
x
15 54 15
1 55 34
0 90 1
10 92 30
x
8 40 18
0 48 12
11 33 43
2 11 29
8 0 1
6 65 22
x
4 24 3
7 14 2
x
x
9 39 30
3 50 13
10 45 31
15 26 8
11 55 25
3 42 23
3 67 39
14 48 37
0 27 12
x
2 38 31
8 70 6
x
4 53 42
14 92 38
5 16 13
14 41 42
7 28 21
2 43 11
15 77 39
0 33 43
7 17 18
1 38 7
8 17 34
10 88 2
4 22 23
14 3 35
7 63 24
x
8 66 12
x
0 11 19
12 96 23
11 46 23
x
15 67 36
14 7 12
9 40 31
5 54 37
9 78 0
0 31 32
12 72 25
9 90 10
11 9 20
8 50 25
13 79 7
12 67 40
15 0 24
5 45 37
6 96 43
7 22 39
12 16 9
8 41 26
1 72 43
x
6 54 12
x
10 56 33
6 6 4
11 72 44
8 96 30
13 28 44
6 88 3
6 8 40
4 60 27
9 71 6
13 0 8
6 91 18
8 60 33
9 52 1
1 93 19
2 49 38
14 69 0
9 41 19
12 47 28
14 59 26
15 93 39
11 51 5
3 0 40
6 4 24
7 24 10
5 20 33
2 5 41
x
15 51 43
9 11 21
11 57 34
14 33 0
2 40 44
8 46 9
1 85 26
13 36 12
13 12 22
1 80 41
12 22 35
6 18 8
12 88 15
15 9 13
15 37 18
x
12 7 9
1 13 1
x
8 77 11
x
7 49 44
x
12 4 31
x
x
12 77 4
x
10 40 22
x
14 78 13
15 42 0
13 88 5
x
8 48 16
9 43 39
0 43 25
4 25 14
11 91 12
8 27 1
x
6 68 38
12 80 20
2 51 6
10 26 34
6 45 13
14 44 14
13 40 24
3 23 25
12 54 17
15 34 2
13 84 34
x
12 46 20
14 64 2
1 0 23
5 98 41
2 23 44
6 82 21
5 0 5
8 99 6
8 22 19
5 93 42
14 81 27
x
12 56 27
1 28 15
0 7 3
x
x
10 59 3
x
5 43 32
9 94 21
x
11 95 22
x
x
12 32 2
8 84 36
8 19 3
0 74 7
8 47 10
2 2 26
10 75 1
3 53 27
x
6 59 38
15 84 28
2 94 40
14 12 33
5 22 3
3 28 7
5 90 32
x
x
x
12 5 42
x
x
x
5 70 35
6 32 22
x
x
x
3 63 25
10 13 4
5 5 0
x
4 41 28
3 56 33
13 61 4
5 39 29
12 53 11
4 45 4
4 1 9
7 99 16
x
3 15 35
11 83 14
2 62 5
0 54 0
15 30 26
1 32 26
11 36 14
0 67 18
5 65 8
15 74 26
15 71 8
4 84 22
0 50 3
0 4 34
x
9 19 11
8 36 1
3 81 15
5 64 2
3 2 12
12 27 20
7 52 13
5 30 40
13 25 36
x
11 86 29
9 45 8
6 22 24
12 11 25
12 35 16
4 0 4
13 91 23
3 65 27
9 80 9
15 13 35
9 75 27
9 73 23
6 31 28
8 58 17
6 80 10
0 18 13
x
9 99 8
10 31 17
7 39 37
9 57 28
15 24 41
10 69 9
11 40 38
10 28 5
13 71 10
x
4 98 41
13 85 36
x
x
2 30 36
1 45 4
x
x
9 70 5
1 62 14
12 24 5
x
9 79 3
0 57 15
3 95 23
2 12 36
10 49 41
10 72 28
10 78 11
x
x
8 88 10
6 34 37
14 21 26
x
10 35 32
15 45 18
5 91 34
9 16 1
4 72 39
15 57 16
4 56 9
6 49 27
x
1 90 6
x
14 86 7
x
x
4 13 27
7 57 39
8 43 35
12 0 14
13 17 2
7 79 23
x
x
3 84 30
3 38 40
14 89 31
0 69 29
x
13 86 41
13 81 16
1 5 3
x
7 33 24
9 24 38
0 0 15
8 72 31
x
5 1 15
11 79 34
13 52 30
13 72 18
4 9 10
5 84 11
8 30 19
7 41 6
5 67 17
x
9 0 16
12 85 44
x
x
10 0 12
x
0 16 42
0 75 11
8 97 37
2 26 14
