1 75 28
3 41 1
14 0 0
x
x
13 22 28
x
3 50 1
12 92 2
x
6 13 21
9 11 32
x
2 21 6
1 49 43
8 46 17
6 41 44
9 14 33
1 77 29
8 7 29
8 92 30
x
x
3 95 0
1 40 34
6 42 1
x
x
15 9 31
13 47 7
1 45 35
11 0 2
8 48 18
2 52 24
10 37 3
2 24 8
x
11 42 42
2 56 25
x
15 57 26
14 3 24
11 26 27
15 61 28
6 43 2
2 28 9
15 13 32
x
3 46 3
0 74 22
12 96 4
4 99 4
14 8 25
2 59 29
11 5 5
15 65 30
2 31 10
8 50 19
12 90 5
5 39 6
14 10 26
2 36 11
11 8 6
9 99 7
2 74 36
2 37 12
5 0 7
12 0 20
x
8 84 8
12 5 21
x
12 8 22
x
x
1 81 30
15 67 31
6 44 3
1 82 31
11 10 8
12 11 23
15 71 32
15 76 33
6 17 22
11 44 43
x
4 41 9
x
9 19 37
6 45 4
11 46 44
14 15 27
1 84 32
6 19 23
14 16 28
6 24 24
x
x
2 79 38
0 77 23
6 26 25
2 41 13
14 17 29
11 14 9
x
6 28 26
0 81 24
5 5 10
x
6 50 5
14 22 30
x
0 39 39
15 17 33
6 55 6
15 80 34
13 26 34
5 8 11
x
1 28 31
15 22 35
x
11 51 0
9 43 36
9 48 37
8 95 38
14 25 32
14 64 35
2 43 14
15 27 39
x
11 55 1
8 86 10
13 79 27
4 45 11
0 48 12
0 41 13
14 99 14
x
0 83 25
1 88 33
5 13 12
2 82 40
x
12 14 24
0 86 26
11 56 2
6 32 28
11 60 3
0 90 27
9 21 41
5 16 13
x
4 24 15
6 60 7
2 85 42
x
11 15 14
13 81 29
0 0 15
0 3 16
9 53 40
x
13 84 30
1 33 33
13 87 31
14 69 36
15 82 37
1 35 34
5 19 15
14 71 38
0 5 17
13 91 32
8 97 41
x
x
12 19 25
14 75 39
5 45 18
13 93 33
1 90 34
6 64 8
0 95 28
1 55 35
6 69 9
5 50 19
14 76 40
9 58 42
6 76 34
x
2 89 43
8 55 26
14 78 41
4 0 29
5 20 16
5 21 17
5 24 18
1 95 35
12 42 36
5 26 19
11 62 4
12 46 37
5 30 20
12 24 27
14 79 42
5 35 21
11 63 5
13 49 22
0 9 20
10 83 36
5 37 23
x
x
x
14 83 43
15 29 43
9 62 44
2 91 44
x
4 47 16
13 98 35
6 79 36
10 96 17
x
x
10 84 37
4 4 30
x
4 6 31
14 26 38
x
2 96 0
3 53 18
4 10 32
0 99 33
x
12 50 39
x
10 40 0
13 53 24
12 28 28
1 58 40
x
6 83 37
4 12 34
4 17 35
3 0 1
12 30 29
7 0 25
3 5 2
12 54 41
6 72 10
5 54 21
7 3 26
1 38 42
14 85 44
11 79 6
11 68 36
x
x
5 56 22
11 73 37
5 60 23
x
4 20 38
10 88 38
12 35 30
7 35 39
7 38 40
2 97 3
14 86 0
12 38 31
x
5 64 24
0 43 19
3 9 4
14 87 1
x
12 39 32
4 50 20
7 40 41
1 60 43
12 59 44
5 66 25
x
3 36 21
12 62 0
x
x
10 90 39
4 52 22
9 64 1
14 28 2
4 29 33
5 69 26
6 0 23
10 91 40
7 43 42
14 88 2
6 88 38
x
x
15 32 41
14 93 3
7 47 43
6 90 39
14 32 3
6 93 40
7 7 27
6 97 41
12 65 1
x
7 51 44
3 12 5
4 22 0
4 54 24
5 72 27
x
11 83 7
x
12 70 2
4 58 25
3 73 42
x
5 75 28
13 56 11
10 93 42
5 79 29
11 64 8
3 78 43
11 86 9
10 49 6
12 75 3
4 64 30
11 91 10
7 12 28
2 62 26
4 31 34
14 95 4
10 45 4
14 37 5
4 35 35
4 67 31
x
15 35 43
x
4 37 36
3 65 27
4 72 32
12 80 4
7 53 1
3 15 7
10 18 28
9 66 37
6 73 12
13 60 13
10 53 8
7 17 29
9 68 38
10 58 9
15 40 44
4 77 33
12 40 39
13 28 40
4 82 34
x
15 42 0
14 41 6
11 77 2
14 43 7
3 80 44
3 67 29
x
15 46 1
12 81 5
13 30 41
7 56 3
3 82 0
4 85 35
11 93 11
3 85 1
9 24 6
7 21 30
7 59 4
9 29 7
x
13 63 14
7 61 5
x
9 33 8
7 66 6
x
10 63 10
x
15 49 2
x
12 86 9
x
x
10 67 11
x
13 67 15
x
0 52 12
3 89 2
10 70 12
x
4 86 36
15 52 3
2 65 30
4 61 31
10 73 13
1 0 3
x
4 88 37
10 77 14
5 93 4
3 92 4
1 3 5
1 7 6
1 11 7
1 16 8
4 92 38
7 69 7
2 99 15
x
9 73 42
13 33 43
9 37 10
12 87 11
14 47 8
0 55 13
6 6 32
8 99 33
7 72 8
2 68 34
0 59 14
x
4 94 39
1 21 9
10 0 12
x
x
13 38 44
x
10 3 13
5 84 16
x
3 58 17
x
x
9 75 10
3 19 35
7 77 9
7 26 31
4 97 40
3 23 36
11 65 15
3 26 37
x
13 43 0
0 64 16
x
10 4 14
9 78 11
8 9 5
10 47 9
x
x
x
10 5 15
x
x
x
3 63 18
1 25 12
x
x
x
7 80 10
7 81 11
14 50 10
x
3 29 38
14 53 11
2 0 1
3 32 39
4 98 41
9 81 13
13 72 16
x
x
9 84 14
0 69 17
2 5 2
5 97 6
7 84 12
8 72 15
7 85 13
9 90 42
11 98 18
7 27 32
7 30 33
0 11 19
13 75 17
10 7 16
x
14 54 12
8 13 7
0 15 20
0 72 21
14 58 13
7 89 14
8 16 8
15 54 9
9 86 16
x
0 18 22
8 21 10
10 8 17
8 0 18
8 77 17
13 76 18
11 18 19
7 94 15
0 23 23
10 13 19
7 31 34
1 26 18
7 95 16
11 28 35
0 25 24
15 0 14
x
x
10 24 19
8 81 20
9 92 43
15 4 15
11 30 36
10 28 21
10 30 22
11 31 37
x
x
5 89 20
x
x
7 96 17
10 14 20
x
x
13 77 19
8 25 11
6 8 18
x
0 27 25
8 30 12
15 84 20
8 5 21
8 35 13
11 32 38
0 28 26
x
x
15 89 21
7 98 19
13 0 22
x
10 94 14
1 62 23
14 62 16
8 58 17
9 95 44
8 37 15
8 42 16
1 66 24
x
11 23 21
x
2 49 22
x
x
13 5 23
2 10 3
2 14 4
15 92 22
8 61 18
0 30 27
x
x
0 34 28
2 17 5
x
3 38 0
x
5 90 23
9 0 29
8 64 19
x
9 88 25
6 11 20
15 96 23
9 3 30
x
6 34 40
11 35 39
6 36 41
11 39 40
13 10 24
13 14 25
1 71 26
10 33 27
9 8 31
x
6 39 42
x
x
x
13 18 26
x
15 6 20
11 41 41
8 6 27
8 67 21
