0 93 28
14 50 1
0 48 0
x
x
4 45 28
x
3 50 1
3 53 2
x
0 52 21
12 58 32
x
7 0 6
11 18 43
0 31 17
12 90 44
12 61 33
0 95 29
11 98 29
4 49 30
x
x
11 68 0
12 66 34
12 99 1
x
x
4 52 31
10 80 7
12 71 35
14 55 2
0 33 18
8 52 24
4 24 3
1 0 8
x
5 75 42
7 35 25
x
7 38 26
0 4 24
8 56 27
7 42 28
5 91 2
1 4 9
4 56 32
x
14 60 3
13 38 22
3 67 4
5 5 4
8 81 25
7 46 29
5 6 5
7 48 30
1 7 10
0 35 19
3 36 5
3 95 6
4 29 26
10 81 11
5 9 6
5 11 7
12 74 36
1 12 12
4 41 7
4 64 20
x
5 0 8
4 69 21
x
4 72 22
x
x
0 72 30
7 50 31
5 99 3
15 32 31
5 12 8
4 75 23
7 54 32
7 59 33
14 25 22
5 77 43
x
5 39 9
x
12 79 37
11 73 4
12 0 44
0 9 27
15 34 32
0 56 23
0 41 28
0 61 24
x
x
12 81 38
13 41 23
0 63 25
1 16 13
4 34 29
5 16 9
x
0 65 26
13 45 24
5 17 10
x
3 58 5
9 75 30
x
12 84 39
15 84 33
10 24 6
7 63 34
11 99 34
5 20 11
x
9 78 31
15 89 35
x
5 79 0
15 94 36
9 24 37
9 29 38
0 46 32
7 65 35
1 18 14
9 31 39
x
12 5 1
6 0 10
0 69 27
5 42 11
5 93 12
5 2 13
6 6 14
x
8 58 25
15 38 33
5 25 12
12 85 40
x
4 78 24
8 61 26
12 6 2
0 71 28
12 10 3
8 65 27
2 0 41
5 28 13
x
5 96 15
11 23 7
2 2 42
x
5 31 14
4 0 29
1 23 15
7 3 16
9 33 40
x
4 3 30
1 59 33
4 6 31
7 70 36
7 72 37
9 83 34
5 33 15
7 73 38
7 5 17
4 10 32
9 38 41
x
x
4 83 25
7 77 39
7 9 18
4 12 33
15 40 34
10 29 8
14 3 28
9 86 35
1 49 9
7 14 19
7 78 40
9 43 42
4 17 34
x
2 6 43
4 88 26
7 80 41
14 7 29
5 34 16
5 35 17
11 28 18
15 45 35
2 62 36
11 30 19
12 12 4
2 66 37
11 34 20
4 90 27
7 81 42
11 39 21
12 13 5
11 41 22
1 26 20
0 99 36
11 45 23
x
x
x
7 85 43
9 39 43
4 60 44
2 8 44
x
5 84 16
4 20 35
13 0 36
5 87 17
x
x
15 50 37
13 79 30
x
13 81 31
14 99 38
x
12 88 0
8 92 18
13 85 32
13 47 33
x
15 0 39
x
9 47 0
11 46 24
4 94 28
14 0 40
x
13 4 37
13 87 34
13 92 35
2 13 1
14 64 29
11 48 25
2 18 2
1 28 41
4 26 10
7 18 21
11 51 26
0 50 42
7 87 44
12 14 6
13 95 36
x
x
7 20 22
13 56 37
7 24 23
x
13 60 38
15 54 38
4 96 30
13 62 39
13 65 40
2 22 3
7 88 0
4 99 31
x
7 28 24
10 96 19
2 24 4
7 89 1
x
15 99 32
8 96 20
13 67 41
1 53 43
2 70 44
7 30 25
x
8 99 21
15 4 0
x
x
15 7 39
10 37 22
9 41 1
9 52 2
14 69 33
1 62 26
8 84 23
15 57 40
13 70 42
7 90 2
13 9 38
x
x
15 59 41
7 95 3
13 74 43
13 11 39
9 56 3
13 14 40
11 55 27
13 18 41
1 33 1
x
3 0 44
2 27 5
3 34 0
10 18 24
1 65 27
x
12 18 7
x
11 0 2
8 0 25
13 21 42
x
1 68 28
13 49 11
15 30 42
1 72 29
12 21 8
2 74 43
12 22 9
2 30 6
11 5 3
1 76 30
12 27 10
11 60 28
8 3 26
14 71 34
7 97 4
9 61 4
3 19 5
14 75 35
1 79 31
x
15 62 43
x
14 77 36
8 6 27
1 84 32
3 56 4
3 2 1
2 34 7
9 66 28
14 80 37
13 53 12
0 43 13
2 37 8
5 45 29
14 82 38
2 42 9
15 67 44
1 89 33
14 87 39
14 88 40
1 94 34
x
15 69 0
9 63 6
3 65 2
9 0 7
2 76 44
10 40 29
x
15 73 1
11 10 5
14 90 41
3 5 3
2 78 0
1 97 35
12 29 11
2 81 1
2 49 6
5 49 30
3 8 4
2 54 7
x
1 55 14
3 10 5
x
3 38 8
3 15 6
x
8 9 10
x
15 76 2
x
11 15 9
x
x
8 13 11
x
1 40 15
x
12 34 12
2 85 2
8 16 12
x
1 98 36
15 79 3
9 71 30
8 89 31
8 19 13
2 88 3
x
14 28 37
8 23 14
0 11 4
2 91 4
2 93 5
15 9 6
15 13 7
15 18 8
14 32 38
3 73 7
6 74 15
x
14 93 42
10 49 43
3 42 10
2 58 11
9 4 8
12 37 13
8 7 32
10 22 33
3 76 8
8 72 34
6 34 14
x
14 34 39
15 23 9
10 0 12
x
x
10 54 44
x
11 16 13
8 28 16
x
8 33 17
x
x
2 97 10
8 77 35
3 81 9
11 65 31
7 33 40
10 45 36
6 39 15
12 92 37
x
14 94 0
6 40 16
x
1 38 14
15 27 11
6 8 5
2 60 9
x
x
x
3 47 15
x
x
x
2 47 18
8 70 12
x
x
x
3 71 10
3 84 11
9 7 10
x
12 96 38
4 62 11
10 59 1
9 90 39
14 37 41
6 76 13
1 45 16
x
x
6 79 14
6 45 17
10 64 2
6 12 6
3 87 12
6 81 15
3 88 13
14 38 42
6 48 18
5 54 32
5 57 33
6 50 19
10 34 17
3 63 16
x
9 10 12
6 15 7
6 54 20
6 57 21
9 14 13
14 11 14
6 18 8
15 81 9
6 86 16
x
6 58 22
6 23 10
10 3 17
10 8 18
6 88 17
10 35 18
8 38 19
3 92 15
6 63 23
4 39 19
5 58 34
4 22 18
3 93 16
5 61 35
6 65 24
9 18 14
x
x
6 92 19
6 96 20
14 40 43
3 23 15
5 63 36
6 98 21
0 74 22
5 64 37
x
x
8 43 20
x
x
14 16 17
10 13 20
x
x
1 52 19
6 27 11
14 18 18
x
6 67 25
0 15 12
10 83 20
10 16 21
0 20 13
5 65 38
6 68 26
x
x
10 88 21
14 21 19
11 79 22
x
6 32 14
0 77 23
9 22 16
3 25 17
14 43 44
0 22 15
0 27 16
0 81 24
x
8 44 21
x
8 47 22
x
x
11 84 23
10 69 3
10 73 4
10 91 22
3 28 18
6 70 27
x
x
12 42 28
10 76 5
x
14 47 0
x
8 50 23
12 47 29
3 31 19
x
13 26 25
14 23 20
0 0 23
12 50 30
x
9 93 40
5 68 39
9 95 41
5 72 40
11 89 24
11 93 25
0 86 26
0 90 27
12 55 31
x
9 98 42
x
x
x
13 28 26
x
13 32 20
5 74 41
11 97 27
13 34 21
