8 96 28
4 67 1
15 0 0
x
x
12 70 28
x
15 2 1
15 4 2
x
9 35 21
2 96 32
x
5 32 6
14 30 43
6 17 17
15 99 44
1 0 33
7 12 29
12 74 29
12 75 30
x
x
14 35 0
1 5 34
14 40 1
x
x
12 78 31
6 99 7
1 10 35
4 72 2
6 19 18
0 26 24
15 9 3
5 39 8
x
3 88 42
0 30 25
x
0 33 26
13 16 24
1 99 27
0 43 28
14 41 2
5 35 9
12 82 32
x
4 77 3
10 0 22
15 11 4
4 43 4
14 96 25
0 37 29
4 80 5
0 48 30
5 45 10
6 21 19
15 7 5
15 15 6
13 21 26
5 43 11
4 61 6
4 83 7
1 13 36
5 50 12
15 20 7
6 26 20
x
15 23 8
6 34 21
x
6 37 22
x
x
8 82 30
0 52 31
14 42 3
7 16 31
4 84 8
6 40 23
0 56 32
0 61 33
9 39 22
3 90 43
x
15 25 9
x
1 18 37
14 43 4
3 95 44
14 99 27
7 18 32
9 43 23
13 26 28
9 48 24
x
x
1 20 38
10 3 23
9 50 25
5 54 13
13 28 29
4 88 9
x
9 52 26
11 98 24
4 89 10
x
14 48 5
13 33 30
x
2 99 39
11 0 33
14 53 6
0 65 34
12 86 34
4 92 11
x
13 36 31
11 5 35
x
2 0 0
11 10 36
11 18 37
12 87 38
13 41 32
0 67 35
5 56 14
12 92 39
x
3 65 1
15 32 10
9 56 27
15 28 11
15 37 12
15 30 13
15 40 14
x
10 7 25
7 22 33
4 97 12
1 23 40
x
6 43 24
10 10 26
2 4 2
9 41 28
3 92 3
10 18 27
1 28 41
3 0 13
x
15 41 15
14 58 7
1 30 42
x
3 3 14
9 58 29
5 61 15
5 64 16
11 28 40
x
9 61 30
13 42 33
9 66 31
0 74 36
0 39 37
13 44 34
3 5 15
0 76 38
5 66 17
9 70 32
12 90 41
x
x
6 48 25
0 41 39
5 70 18
9 75 33
7 24 34
14 64 8
10 24 28
13 49 35
14 69 9
5 75 19
0 80 40
12 96 42
9 80 34
x
1 34 43
6 31 26
0 50 41
10 28 29
3 6 16
3 7 17
3 10 18
7 29 35
13 56 36
3 12 19
2 8 4
13 60 37
3 19 20
6 53 27
0 82 42
3 16 21
2 9 5
3 24 22
5 79 20
8 99 36
3 28 23
x
x
x
0 86 43
11 15 43
11 23 44
1 40 44
x
15 44 16
9 72 35
9 83 36
15 47 17
x
x
7 35 37
10 14 30
x
10 32 31
13 47 38
x
1 26 0
15 51 18
10 37 32
10 16 33
x
13 64 39
x
11 33 0
3 29 24
6 57 28
13 52 40
x
9 90 37
10 40 34
10 45 35
1 49 1
6 59 29
3 31 25
1 55 2
13 68 41
14 62 10
5 80 21
3 38 26
13 54 42
0 72 44
2 10 6
10 49 36
x
x
5 84 22
10 54 37
5 88 23
x
10 58 38
7 39 38
6 64 30
10 60 39
10 63 40
1 36 3
0 88 0
6 6 31
x
5 93 24
15 57 19
1 45 4
0 89 1
x
6 67 32
15 61 20
10 65 41
13 73 43
13 74 44
5 95 25
x
15 55 21
13 79 0
x
x
7 41 39
15 63 22
12 94 1
11 38 2
6 68 33
4 0 26
15 65 23
7 42 40
10 68 42
0 90 2
9 87 38
x
x
7 44 41
0 95 3
10 72 43
9 95 39
11 42 3
8 0 40
3 42 27
8 4 41
13 82 1
x
10 76 44
1 62 5
10 78 0
15 70 24
4 3 27
x
2 14 7
x
13 87 2
15 74 25
8 9 42
x
4 6 28
14 72 11
7 47 42
4 10 29
2 17 8
9 98 43
2 18 9
1 65 6
13 92 3
4 14 30
2 23 10
3 58 28
15 77 26
6 70 34
0 97 4
11 25 4
11 47 5
6 76 35
4 17 31
x
7 48 43
x
6 78 36
15 80 27
4 29 32
13 77 4
10 79 1
1 69 7
15 84 28
6 81 37
14 76 12
14 78 13
1 72 8
3 53 29
6 83 38
1 77 9
7 53 44
4 34 33
6 74 39
6 88 40
4 24 34
x
7 55 0
11 51 6
10 83 2
11 53 7
8 14 44
15 89 29
x
7 59 1
12 0 5
6 90 41
10 84 3
8 16 0
5 82 35
2 25 11
8 19 1
12 5 6
3 67 30
10 87 4
12 10 7
x
14 81 14
10 89 5
x
12 14 8
10 96 6
x
1 82 10
x
7 62 2
x
13 97 9
x
x
1 86 11
x
14 85 15
x
2 30 12
8 23 2
1 89 12
x
5 98 36
7 65 3
15 94 30
15 81 31
1 92 13
8 26 3
x
4 45 37
0 0 14
7 67 4
8 29 4
8 31 5
8 35 6
8 39 7
8 44 8
4 41 38
9 0 7
1 38 15
x
6 93 42
6 94 43
12 18 10
13 98 11
11 57 8
2 33 13
15 97 32
15 98 33
9 3 8
14 3 34
2 37 14
x
4 49 39
8 49 9
12 23 12
x
x
5 5 44
x
12 26 13
0 5 16
x
0 11 17
x
x
8 53 10
14 8 35
9 8 9
3 34 31
4 22 40
14 12 36
2 42 15
14 15 37
x
5 10 0
2 43 16
x
12 27 14
8 58 11
7 71 5
11 60 9
x
x
x
12 28 15
x
x
x
1 59 18
9 64 12
x
x
x
10 94 10
9 11 11
11 61 10
x
14 18 38
11 64 11
5 14 1
14 21 39
4 39 41
8 61 13
14 90 16
x
x
8 64 14
2 49 17
5 19 2
7 75 6
10 99 12
8 66 15
9 14 13
4 52 42
2 52 18
3 73 32
3 36 33
2 54 19
14 93 17
12 30 16
x
11 68 12
7 78 7
2 58 20
2 62 21
11 72 13
9 18 14
7 81 8
7 86 9
8 72 16
x
2 63 22
7 88 10
12 31 17
12 36 18
8 74 17
14 94 18
0 16 19
9 24 15
2 68 23
12 42 19
3 76 34
8 7 18
9 25 16
3 47 35
2 70 24
11 79 14
x
x
8 78 19
8 84 20
4 54 43
11 76 15
3 50 36
8 86 21
8 88 22
3 51 37
x
x
1 60 20
x
x
9 26 17
12 43 20
x
x
14 95 19
7 92 11
9 28 18
x
2 72 25
6 0 12
13 0 20
12 46 21
7 97 13
3 79 38
2 74 26
x
x
13 5 21
9 31 19
12 47 22
x
7 99 14
8 92 23
11 65 16
11 83 17
4 57 44
6 8 15
6 13 16
7 0 24
x
1 96 21
x
0 21 22
x
x
12 52 23
5 24 3
5 0 4
13 8 22
11 86 18
2 76 27
x
x
2 80 28
5 28 5
x
4 64 0
x
0 24 23
2 85 29
11 89 19
x
8 56 25
9 33 20
13 12 23
2 88 30
x
14 0 40
3 82 39
14 24 41
3 86 40
12 57 24
12 61 25
7 5 26
7 9 27
2 93 31
x
14 28 42
x
x
x
12 65 26
x
11 92 20
3 63 41
12 69 27
11 94 21
