15 60 28
9 24 1
3 50 0
x
x
0 36 28
x
14 0 1
12 92 2
x
13 11 21
2 20 32
x
10 87 6
4 89 43
8 92 17
4 94 44
2 23 33
15 62 29
4 29 29
4 30 30
x
x
4 95 0
2 28 34
3 19 1
x
x
4 33 31
11 98 7
2 33 35
9 29 2
8 94 18
12 25 24
10 37 3
10 90 8
x
12 61 42
12 29 25
x
12 32 26
1 0 24
12 36 27
12 37 28
3 20 2
2 62 9
1 28 32
x
9 34 3
8 25 22
12 96 4
14 97 4
1 5 25
13 56 29
9 37 5
13 58 30
2 65 10
3 58 19
12 90 5
1 49 6
1 7 26
11 99 11
9 40 6
3 0 7
2 36 36
5 93 12
5 0 7
0 74 20
x
6 76 8
0 79 21
x
0 82 22
x
x
6 74 30
13 60 31
3 21 3
15 66 31
3 1 8
0 85 23
13 64 32
13 69 33
13 15 22
12 63 43
x
4 41 9
x
2 41 37
3 22 4
12 65 44
1 12 27
15 68 32
13 17 23
1 13 28
13 22 24
x
x
2 43 38
8 28 23
13 24 25
2 70 13
1 14 29
3 5 9
x
6 8 26
8 32 24
3 6 10
x
3 27 5
1 19 30
x
2 46 39
1 32 33
0 52 6
13 73 34
4 37 34
3 9 11
x
1 22 31
15 9 35
x
12 70 0
15 14 36
15 19 37
4 38 38
7 35 32
13 79 35
9 90 14
1 37 39
x
12 74 1
6 0 10
6 12 27
6 78 11
0 48 12
6 6 13
14 99 14
x
8 34 25
15 72 33
3 14 12
15 84 40
x
0 88 24
8 37 26
12 75 2
13 26 28
12 79 3
8 41 27
15 87 41
2 74 13
x
4 24 15
0 57 7
15 89 42
x
2 77 14
6 14 29
5 97 15
9 95 16
15 24 40
x
6 17 30
7 36 33
6 20 31
13 75 36
13 77 37
7 38 34
3 17 15
13 84 38
10 40 17
6 24 32
15 29 41
x
x
0 93 25
13 88 39
11 28 18
6 26 33
15 74 34
0 61 8
8 46 28
7 41 35
3 32 9
10 44 19
13 89 40
14 3 42
5 84 34
x
15 93 43
8 96 26
13 91 41
8 50 29
2 79 16
2 80 17
2 83 18
8 84 35
7 44 36
2 85 19
12 81 4
7 48 37
2 89 20
8 58 27
13 92 42
2 94 21
12 82 5
2 96 22
10 94 20
9 22 36
4 45 23
x
x
x
13 96 43
14 7 43
14 9 44
15 95 44
x
6 80 16
6 31 35
5 87 36
10 96 17
x
x
15 79 37
8 54 30
x
9 66 31
7 52 38
x
2 47 0
3 53 18
9 70 32
8 56 33
x
7 53 39
x
14 11 0
4 46 24
0 98 28
7 57 40
x
2 49 37
1 55 34
15 0 35
5 5 1
8 62 29
4 48 25
5 10 2
7 59 41
0 66 10
9 97 21
4 51 26
7 64 42
13 98 44
12 83 6
15 3 36
x
x
11 33 22
11 18 37
11 37 23
x
9 72 38
8 89 38
8 67 30
11 22 39
11 25 40
5 14 3
13 99 0
3 63 31
x
11 41 24
0 43 19
5 16 4
8 72 1
x
8 70 32
6 83 20
11 0 41
7 65 43
7 66 44
11 43 25
x
3 36 21
7 69 0
x
x
11 77 39
6 85 22
15 30 1
14 16 2
13 28 33
11 46 26
5 39 23
3 38 40
11 3 42
8 73 2
2 54 38
x
x
3 40 41
8 78 3
11 7 43
2 56 39
14 20 3
8 0 40
4 55 27
8 4 41
7 72 1
x
11 11 44
5 19 5
1 60 0
6 87 24
11 49 27
x
10 49 7
x
7 77 2
6 91 25
1 40 42
x
11 52 28
0 67 11
3 43 42
11 56 29
12 87 8
2 59 43
10 52 9
5 22 6
7 82 3
11 60 30
10 57 10
9 75 28
6 94 26
13 30 34
8 80 4
14 25 4
9 43 5
13 34 35
13 49 31
x
3 44 43
x
13 36 36
8 99 27
14 64 32
7 87 4
11 13 1
5 26 7
3 67 28
13 39 37
0 71 12
7 0 13
5 29 8
9 80 29
13 41 38
3 73 9
4 0 44
14 69 33
13 46 39
11 79 40
11 63 34
x
4 2 0
9 47 6
11 16 2
9 49 7
1 45 44
10 18 29
x
4 6 1
7 88 5
11 81 41
5 45 3
6 34 0
2 72 35
10 59 11
6 37 1
7 93 6
9 84 30
5 48 4
14 28 7
x
7 3 14
5 50 5
x
14 32 8
5 55 6
x
5 34 10
x
4 9 2
x
7 98 9
x
x
3 78 11
x
7 7 15
x
10 64 12
6 41 2
3 81 12
x
14 74 36
4 12 3
6 97 30
4 64 31
3 84 13
6 44 3
x
14 76 37
3 88 14
4 14 4
6 47 4
6 49 5
6 53 6
6 57 7
6 62 8
14 80 38
5 58 7
3 93 15
x
13 47 42
11 84 43
14 36 10
14 41 11
9 53 8
10 67 13
3 65 32
0 41 33
5 61 8
3 95 34
10 71 14
x
14 82 39
6 67 9
14 43 12
x
x
11 89 44
x
7 99 13
12 0 16
x
12 5 17
x
x
6 71 10
4 66 35
5 66 9
4 60 31
9 99 40
4 70 36
12 88 15
4 73 37
x
11 94 0
10 76 16
x
14 46 14
10 24 11
4 18 5
9 56 9
x
x
x
14 47 15
x
x
x
12 10 18
5 91 12
x
x
x
5 69 10
5 70 11
9 57 10
x
4 76 38
9 60 11
10 0 1
4 79 39
13 54 41
10 27 13
7 12 16
x
x
10 30 14
15 32 17
10 5 2
1 62 6
5 73 12
9 0 15
5 74 13
14 85 42
15 35 18
12 42 32
4 61 33
15 37 19
7 15 17
14 49 16
x
9 61 12
1 65 7
15 41 20
10 81 21
0 0 13
5 78 14
1 68 8
1 73 9
10 32 16
x
15 44 22
1 75 10
14 50 17
14 55 18
9 5 17
7 16 18
12 11 19
13 0 15
15 49 23
14 60 19
12 45 34
8 7 18
13 1 16
12 48 35
15 51 24
0 4 14
x
x
9 9 19
10 34 20
14 87 43
0 8 15
4 62 36
9 13 21
9 15 22
12 50 37
x
x
12 16 20
x
x
13 2 17
0 11 20
x
x
7 17 19
1 79 11
13 4 18
x
15 53 25
1 84 12
7 18 20
14 61 21
1 89 13
12 51 38
15 54 26
x
x
7 23 21
13 7 19
0 14 22
x
4 22 14
9 18 23
8 9 16
8 10 17
14 90 44
1 91 15
1 96 16
11 68 24
x
12 17 21
x
12 20 22
x
x
0 19 23
10 10 3
10 14 4
7 26 22
8 13 18
2 0 27
x
x
2 4 28
10 83 5
x
14 94 0
x
12 23 23
2 9 29
8 16 19
x
1 47 25
13 9 20
7 30 23
2 12 30
x
4 82 40
12 54 39
4 84 41
12 58 40
0 24 24
0 28 25
11 73 26
15 57 27
2 17 31
x
4 87 42
x
x
x
0 32 26
x
8 19 20
12 60 41
14 62 27
8 21 21
