15 48 28
5 57 1
0 48 0
x
14 97 8
7 20 28
x
3 50 1
1 49 2
x
2 36 21
10 83 32
x
15 62 6
8 84 43
5 36 17
0 50 44
6 86 33
10 49 29
5 89 29
12 12 30
x
x
3 67 0
1 87 34
5 43 1
x
x
9 12 31
13 62 7
13 86 35
12 61 2
14 53 18
13 93 24
4 24 3
1 64 8
x
1 80 42
5 79 25
x
9 95 26
1 40 24
7 90 27
12 82 28
12 90 2
12 53 9
13 15 32
2 99 9
6 72 3
8 16 22
5 39 4
14 62 4
8 89 25
11 95 29
0 74 5
1 96 30
13 63 10
12 45 19
6 6 5
8 92 6
3 95 26
9 54 11
3 73 6
8 56 7
0 88 36
6 64 12
10 96 7
6 56 20
x
2 0 8
13 56 21
x
8 41 22
x
x
1 26 30
4 96 31
13 0 3
0 52 31
11 73 8
10 56 23
15 93 32
14 93 33
1 17 22
7 76 43
x
12 92 9
x
7 83 37
14 6 4
10 76 44
15 12 27
15 50 32
5 19 23
10 0 28
6 40 24
x
7 99 10
11 87 38
5 11 23
15 39 25
11 64 13
0 5 29
15 72 9
x
7 38 26
9 21 24
13 73 10
x
5 93 5
13 6 30
x
3 86 39
10 2 33
13 1 6
0 98 34
5 90 34
14 71 11
x
10 40 31
6 24 35
x
6 80 0
8 9 36
5 6 37
11 14 38
5 98 32
2 94 35
0 67 14
3 0 39
x
4 81 1
9 66 10
14 38 27
14 0 11
7 0 12
0 41 13
3 36 14
x
3 5 25
14 48 33
1 74 12
4 88 40
x
2 55 24
15 32 26
8 64 2
4 22 28
13 80 3
10 11 27
8 72 41
15 73 13
x
13 49 15
7 7 7
3 87 42
x
8 58 14
8 25 29
5 50 15
9 55 16
9 16 40
x
10 26 30
15 13 33
0 31 31
11 97 36
1 98 37
6 14 34
3 48 15
7 91 38
15 65 17
1 19 32
12 15 41
x
x
14 55 25
13 97 39
4 68 18
6 42 33
4 52 34
0 0 8
0 22 28
11 3 35
12 0 9
12 56 19
6 97 40
2 23 42
13 34 34
x
2 86 43
0 59 26
5 82 41
11 32 29
7 71 16
0 77 17
4 76 18
1 30 35
2 13 36
7 72 19
2 79 4
8 0 37
2 74 20
7 55 27
7 95 42
9 75 21
9 80 5
10 72 22
2 60 20
9 41 36
3 75 23
x
x
x
12 86 43
7 24 43
12 16 44
7 85 44
x
4 41 16
15 41 35
9 32 36
6 0 17
x
11 99 4
6 51 37
6 34 30
x
12 22 31
5 99 38
x
10 86 0
0 43 18
13 25 32
2 30 33
x
15 15 39
x
15 25 0
6 76 24
11 57 28
14 14 40
x
12 31 37
1 11 34
7 31 35
12 77 1
5 45 29
1 77 25
14 86 2
4 8 41
2 8 10
14 60 21
8 60 26
13 9 42
8 82 44
5 66 6
14 31 36
x
x
1 68 22
9 24 37
3 43 23
x
2 31 38
2 49 38
0 61 30
8 19 39
3 8 40
13 89 3
1 99 0
10 35 31
x
7 64 24
3 53 19
8 74 4
13 98 1
x
13 59 32
1 52 20
4 33 41
5 5 43
6 17 44
8 51 25
x
14 99 21
11 6 0
x
x
7 49 39
10 37 22
3 63 1
4 18 2
15 54 33
9 57 26
11 18 23
3 25 40
6 36 42
x
11 41 38
13 99 5
x
8 36 41
15 98 2
5 15 43
14 40 39
0 17 3
1 21 40
3 76 27
4 45 41
7 15 1
6 99 6
13 28 44
10 87 5
15 30 0
12 96 24
2 66 27
x
1 82 7
x
12 7 2
13 52 25
2 40 42
x
5 53 28
6 10 11
0 54 42
6 68 29
4 82 8
8 28 43
0 83 9
15 89 6
5 84 3
10 65 30
14 79 10
15 76 28
5 0 26
9 50 34
x
14 25 4
1 5 5
8 44 35
9 60 31
x
7 50 43
x
12 50 36
4 26 27
11 68 32
3 65 4
0 26 1
2 88 7
15 0 28
13 60 37
9 0 12
15 9 13
9 90 8
5 62 29
11 59 38
4 91 9
9 43 44
13 68 33
4 62 39
1 62 40
14 68 34
x
5 32 0
13 19 6
11 16 2
11 28 7
15 43 44
1 55 29
x
14 50 1
9 7 5
6 61 41
2 33 3
7 42 0
0 72 35
7 78 11
10 29 1
13 10 6
12 66 30
3 10 4
8 4 7
x
2 9 14
12 26 5
x
14 16 8
15 36 6
x
5 75 10
x
12 42 2
x
1 45 9
x
x
3 91 11
x
4 3 15
x
2 80 12
3 19 2
11 90 12
x
7 66 36
11 51 3
2 2 30
7 3 31
1 92 13
0 35 3
x
2 69 37
0 93 14
0 55 4
11 43 4
5 24 5
13 37 6
9 36 7
14 43 8
8 54 38
7 35 7
6 91 15
x
10 59 42
7 59 43
3 58 10
1 46 11
3 2 8
9 81 13
6 4 32
8 97 33
11 36 8
10 18 34
3 81 14
x
15 69 39
4 48 9
10 45 12
x
x
3 38 44
x
2 17 13
8 77 16
x
10 90 17
x
x
8 30 10
11 23 35
8 22 9
13 76 31
3 47 40
9 71 36
15 81 15
15 5 37
x
4 64 0
4 83 16
x
15 19 14
15 45 11
2 51 5
7 26 9
x
x
x
0 11 15
x
x
x
13 91 18
1 25 12
x
x
x
10 16 10
4 36 11
6 29 10
x
14 3 38
10 7 11
8 46 1
2 5 39
12 60 41
2 45 13
11 0 16
x
x
11 45 14
12 71 17
10 60 2
3 27 6
6 32 12
12 36 15
13 30 13
1 72 42
13 82 18
4 78 32
11 77 33
11 83 19
1 60 17
6 20 16
x
13 21 12
10 53 7
8 68 20
15 82 21
7 27 13
3 12 14
9 45 8
13 46 9
0 38 16
x
14 81 22
11 53 10
11 9 17
2 18 18
6 47 17
10 99 18
6 92 19
9 28 15
6 84 23
15 20 19
9 77 34
3 17 18
1 16 16
6 78 35
1 85 24
12 18 14
x
12 88 7
7 45 19
10 33 20
7 68 43
8 14 15
13 77 36
1 28 21
3 22 22
0 80 37
x
x
13 92 20
x
x
14 36 17
6 21 20
x
x
8 99 19
15 57 11
9 29 18
x
10 81 25
4 57 12
9 2 20
1 0 21
8 39 13
14 76 38
13 84 26
x
x
14 11 21
10 24 19
4 13 22
x
6 55 14
11 47 23
5 91 16
10 8 17
10 68 44
3 30 15
1 35 16
13 41 24
x
14 90 21
x
2 91 22
x
x
14 20 23
14 64 3
0 64 4
7 11 22
2 27 18
9 85 27
x
x
15 84 28
2 62 5
9 99 3
4 73 0
x
11 93 23
2 83 29
14 28 19
x
4 39 25
0 29 20
12 3 23
5 70 30
x
7 5 40
11 79 39
4 0 41
0 81 40
15 21 24
0 13 25
5 28 26
8 33 27
12 74 31
x
6 8 42
x
x
x
1 1 26
x
1 9 20
13 79 41
10 1 27
4 29 21
