7 71 28
9 75 1
14 0 0
x
x
3 85 28
x
10 37 1
12 92 2
x
2 69 21
2 38 32
x
13 96 6
12 16 43
0 83 17
12 21 44
2 41 33
7 73 29
3 89 29
3 90 30
x
x
12 22 0
11 79 34
12 27 1
x
x
9 90 31
13 99 7
11 84 35
9 80 2
0 85 18
2 57 24
3 50 3
15 32 8
x
10 13 42
8 72 25
x
8 75 26
1 84 24
9 22 27
8 79 28
12 28 2
15 36 9
9 94 32
x
9 62 3
7 9 22
0 43 4
9 85 4
1 89 25
4 64 29
9 86 5
4 66 30
15 39 10
0 87 19
0 41 5
1 49 6
1 91 26
15 44 11
1 55 6
1 57 7
11 87 36
15 45 12
4 24 7
0 92 20
x
10 49 8
0 97 21
x
11 18 22
x
x
7 77 30
4 68 31
12 29 3
7 78 31
15 57 8
11 21 23
4 72 32
4 77 33
0 52 22
10 15 43
x
4 41 9
x
2 46 37
12 30 4
1 28 44
1 96 27
7 80 32
0 54 23
1 97 28
0 59 24
x
x
11 92 38
7 12 23
0 61 25
15 49 13
8 9 29
1 58 9
x
0 63 26
7 16 24
15 61 10
x
12 35 5
8 14 30
x
11 95 39
9 66 33
14 28 6
4 81 34
3 93 34
15 64 11
x
8 17 31
3 19 35
x
1 33 0
3 24 36
3 29 37
9 98 38
1 98 32
4 83 35
15 51 14
9 71 39
x
1 37 1
10 18 10
0 67 27
10 51 11
5 0 12
6 6 13
14 99 14
x
7 18 25
7 84 33
15 69 12
11 96 40
x
6 76 24
7 21 26
10 24 2
0 69 28
10 28 3
7 25 27
5 45 41
15 72 13
x
0 48 15
14 33 7
5 47 42
x
1 59 14
0 70 29
14 3 15
14 6 16
10 83 40
x
4 29 30
8 22 33
4 32 31
4 88 36
4 90 37
8 24 34
15 75 15
4 91 38
14 8 17
4 36 32
9 73 41
x
x
6 81 25
4 95 39
14 12 18
9 24 33
7 86 34
14 37 8
7 30 28
8 27 35
14 42 9
14 17 19
4 96 40
10 88 42
9 29 34
x
5 51 43
11 24 26
4 98 41
2 74 29
15 76 16
15 77 17
15 80 18
7 91 35
8 30 36
5 93 19
1 38 4
8 34 37
13 56 20
6 86 27
3 0 42
5 97 21
10 30 5
13 61 22
14 21 20
7 96 36
15 82 23
x
x
x
3 4 43
10 92 43
4 45 44
5 53 44
x
10 53 16
4 38 35
9 32 36
12 96 17
x
x
15 0 37
2 78 30
x
2 80 31
1 99 38
x
11 99 0
10 96 18
2 84 32
2 86 33
x
8 38 39
x
4 47 0
13 65 24
6 90 28
8 42 40
x
9 36 37
2 87 34
2 92 35
5 58 1
6 92 29
13 67 25
5 63 2
8 44 41
12 40 10
14 22 21
13 70 26
8 49 42
4 99 44
10 31 6
2 95 36
x
x
6 8 22
3 38 37
6 12 23
x
3 42 38
7 97 38
6 97 30
3 44 39
3 47 40
5 67 3
3 6 0
6 74 31
x
14 24 24
3 53 19
5 69 4
3 7 1
x
11 26 32
10 56 20
8 84 41
8 50 43
8 51 44
6 16 25
x
8 99 21
8 54 0
x
x
7 99 39
10 58 22
3 34 1
4 52 2
15 84 33
6 19 26
6 0 23
15 4 40
8 87 42
3 8 2
5 5 38
x
x
8 58 41
3 13 3
8 0 43
5 7 39
4 56 3
5 10 40
4 0 27
5 14 41
0 11 1
x
8 4 44
5 72 5
8 6 0
10 60 24
6 22 27
x
14 64 7
x
0 16 2
10 64 25
5 17 42
x
6 25 28
14 45 11
15 6 42
6 29 29
10 35 8
5 22 43
14 67 9
5 75 6
0 21 3
13 0 30
14 72 10
4 5 28
10 67 26
15 86 34
3 15 4
4 61 4
11 28 5
15 90 35
13 3 31
x
8 61 43
x
15 92 36
3 65 27
13 8 32
0 26 4
13 28 1
5 79 7
5 39 28
15 95 37
14 49 12
14 51 13
1 40 8
13 74 29
1 0 38
0 0 9
8 66 44
13 13 33
15 97 39
15 98 40
13 18 34
x
8 92 0
11 32 6
8 7 2
11 34 7
5 24 44
3 67 29
x
8 68 1
0 27 5
1 5 41
13 31 3
5 26 0
14 26 35
14 74 11
5 29 1
0 32 6
4 10 30
13 34 4
12 42 7
x
14 54 14
13 36 5
x
12 46 8
13 41 6
x
0 5 10
x
6 34 2
x
0 37 9
x
x
1 45 11
x
14 58 15
x
14 79 12
5 33 2
3 58 12
x
13 21 36
8 96 3
10 70 30
10 73 31
9 0 13
15 9 3
x
13 23 37
9 4 14
6 37 4
5 36 4
15 12 5
15 16 6
15 20 7
15 25 8
9 43 38
13 44 7
5 82 15
x
1 8 42
1 9 43
12 50 10
0 38 11
11 38 8
14 82 13
3 36 32
12 90 33
11 0 8
3 95 34
14 86 14
x
9 45 39
11 68 9
12 55 12
x
x
1 14 44
x
12 58 13
9 9 16
x
9 14 17
x
x
11 72 10
10 75 35
11 5 9
5 99 31
9 48 40
10 79 36
14 91 15
12 0 37
x
1 19 0
14 92 16
x
12 59 14
11 75 11
6 41 5
10 94 9
x
x
x
12 60 15
x
x
x
0 9 18
9 41 12
x
x
x
13 47 10
11 8 11
11 41 10
x
12 3 38
11 44 11
13 79 1
12 6 39
9 49 41
5 84 13
1 62 16
x
x
5 87 14
13 49 17
13 84 2
6 45 6
11 11 12
7 35 15
11 12 13
9 50 42
13 52 18
4 15 32
4 18 33
2 0 19
1 65 17
12 62 16
x
11 45 12
6 48 7
2 4 20
14 97 21
11 49 13
10 40 14
6 51 8
6 56 9
5 89 16
x
2 7 22
6 58 10
12 63 17
12 68 18
7 40 17
1 66 18
2 49 19
11 16 15
2 12 23
12 73 19
4 19 34
15 30 18
10 45 16
10 0 35
2 14 24
11 53 14
x
x
7 44 19
7 48 20
9 52 43
11 57 15
4 22 36
7 50 21
7 52 22
10 2 37
x
x
3 61 20
x
x
10 46 17
12 74 20
x
x
1 67 19
6 62 11
2 62 18
x
13 54 25
6 67 12
1 68 20
12 77 21
6 72 13
10 3 38
2 16 26
x
x
1 73 21
2 65 19
12 78 22
x
15 7 14
7 55 23
11 59 16
11 60 17
9 55 44
0 74 15
0 79 16
7 59 24
x
9 19 21
x
2 54 22
x
x
12 83 23
1 23 3
13 89 4
1 76 22
11 63 18
2 18 27
x
x
2 22 28
13 92 5
x
9 59 0
x
3 62 23
2 27 29
7 0 19
x
5 91 25
2 67 20
1 80 23
2 30 30
x
12 9 40
10 6 39
12 11 41
10 10 40
3 73 24
3 77 25
7 64 26
7 68 27
2 35 31
x
12 14 42
x
x
x
3 81 26
x
7 3 20
10 12 41
12 88 27
7 5 21
