6 27 28
4 92 1
3 50 0
x
x
11 8 28
x
10 37 1
4 24 2
x
4 0 21
12 58 32
x
14 72 6
8 0 43
1 19 17
13 54 44
12 61 33
6 29 29
11 12 29
11 13 30
x
x
9 66 0
12 66 34
3 65 1
x
x
10 0 31
14 75 7
12 71 35
1 62 2
1 21 18
8 52 24
4 41 3
14 76 8
x
5 75 42
7 35 25
x
7 38 26
3 42 24
8 56 27
7 42 28
3 99 2
14 80 9
10 4 32
x
4 97 3
13 79 22
3 53 4
1 67 4
8 81 25
7 46 29
1 68 5
7 48 30
14 83 10
0 11 19
3 36 5
3 67 6
1 28 26
14 88 11
1 71 6
1 73 7
12 74 36
14 89 12
5 0 7
0 16 20
x
14 0 8
1 23 21
x
0 21 22
x
x
2 99 30
7 50 31
14 99 3
15 57 31
1 74 8
0 24 23
7 54 32
7 59 33
4 4 22
5 77 43
x
12 92 9
x
12 79 37
1 40 4
6 34 44
0 9 27
15 59 32
4 6 23
0 41 28
4 11 24
x
x
12 81 38
13 82 23
4 13 25
14 93 13
1 33 29
1 78 9
x
4 15 26
13 86 24
1 79 10
x
15 0 5
15 5 30
x
12 40 39
10 8 33
11 68 6
7 63 34
11 16 34
1 82 11
x
4 29 31
3 0 35
x
5 79 0
3 5 36
3 10 37
3 15 38
1 38 32
7 65 35
7 0 14
10 13 39
x
6 39 1
6 0 10
4 19 27
0 48 11
10 96 12
8 99 13
6 6 14
x
13 88 25
15 63 33
1 87 12
12 84 40
x
0 27 24
13 91 26
6 40 2
13 77 28
6 44 3
13 95 27
12 87 41
1 90 13
x
12 96 15
11 73 7
2 0 42
x
1 93 14
14 3 29
14 95 15
7 5 16
4 45 40
x
14 6 30
3 47 33
14 9 31
7 70 36
7 72 37
4 34 34
1 95 15
7 73 38
7 7 17
4 21 32
3 17 41
x
x
0 32 25
7 77 39
7 11 18
14 13 33
15 65 34
0 0 8
9 43 28
4 37 35
11 24 9
7 16 19
7 78 40
4 50 42
14 18 34
x
2 4 43
0 37 26
7 80 41
9 47 29
1 96 16
1 97 17
11 28 18
15 70 35
10 24 36
11 30 19
6 46 4
10 28 37
11 34 20
5 5 27
7 81 42
11 39 21
6 47 5
11 41 22
7 20 20
15 75 36
11 45 23
x
x
x
7 85 43
10 15 43
4 54 44
2 6 44
x
0 43 16
14 21 35
14 23 36
10 18 17
x
x
15 76 37
9 51 30
x
9 53 31
0 46 38
x
2 11 0
1 49 18
9 57 32
3 93 33
x
10 32 39
x
4 56 0
11 46 24
5 9 28
2 62 40
x
9 0 37
9 59 34
0 52 35
2 12 1
5 11 29
11 48 25
2 17 2
2 64 41
11 77 10
7 21 21
11 51 26
0 50 42
7 87 44
6 48 6
0 55 36
x
x
7 23 22
0 60 37
7 27 23
x
0 64 38
15 80 38
5 16 30
0 66 39
0 69 40
2 21 3
7 88 0
1 26 31
x
7 31 24
3 95 19
2 23 4
7 89 1
x
0 39 32
8 92 20
11 79 41
2 69 43
2 70 44
14 28 25
x
10 22 21
10 83 0
x
x
15 82 39
8 94 22
4 61 1
9 24 2
5 19 33
14 31 26
5 39 23
13 0 40
11 82 42
7 90 2
9 5 38
x
x
13 2 41
7 95 3
11 86 43
9 7 39
9 28 3
9 10 40
11 55 27
9 14 41
10 86 1
x
0 71 44
2 26 5
9 64 0
3 58 24
14 34 27
x
6 52 7
x
2 49 2
1 55 25
9 17 42
x
14 37 28
0 5 11
13 5 42
14 41 29
6 55 8
6 76 43
6 56 9
2 29 6
2 54 3
14 45 30
6 61 10
11 60 28
1 58 26
5 21 34
7 97 4
9 33 4
9 35 5
5 25 35
14 48 31
x
13 6 43
x
5 27 36
10 99 27
14 53 32
2 59 4
11 90 1
2 33 7
13 49 28
5 30 37
3 62 12
9 71 13
2 36 8
5 45 29
5 32 38
2 41 9
13 11 44
14 58 33
5 37 39
10 49 40
4 64 34
x
13 13 0
9 39 6
11 93 2
13 28 7
6 78 44
5 93 29
x
13 17 1
8 58 5
10 51 41
11 94 3
6 80 0
7 33 35
6 63 11
6 83 1
8 63 6
5 49 30
11 97 4
10 91 7
x
9 90 14
15 9 5
x
9 75 8
15 14 6
x
8 9 10
x
13 20 2
x
2 60 9
x
x
8 13 11
x
9 94 15
x
6 68 12
6 87 2
8 16 12
x
4 67 36
13 23 3
8 84 30
5 98 31
8 19 13
6 90 3
x
4 69 37
8 23 14
0 74 4
6 93 4
6 95 5
15 32 6
15 36 7
15 41 8
4 73 38
15 17 7
2 46 15
x
10 54 42
10 55 43
9 79 10
8 68 11
13 32 8
6 71 13
12 90 32
12 99 33
15 20 8
10 40 34
12 0 14
x
4 75 39
15 46 9
9 84 12
x
x
10 60 44
x
8 70 13
8 28 16
x
8 33 17
x
x
15 50 10
8 87 35
15 25 9
11 65 31
4 78 40
10 45 36
12 5 15
5 84 37
x
10 65 0
12 6 16
x
9 87 14
15 53 11
0 78 5
4 62 9
x
x
x
3 19 15
x
x
x
2 47 18
6 99 12
x
x
x
11 99 10
15 28 11
13 35 10
x
5 87 38
9 41 11
10 69 1
11 18 39
4 79 41
2 74 13
8 5 16
x
x
2 77 14
12 11 17
10 74 2
0 82 6
13 56 12
2 79 15
13 57 13
4 80 42
12 14 18
5 54 32
5 57 33
12 16 19
4 43 17
9 88 16
x
13 38 12
0 85 7
12 20 20
12 23 21
13 42 13
13 61 14
0 88 8
13 25 9
2 84 16
x
12 24 22
0 93 10
3 21 17
3 26 18
2 86 17
9 99 18
8 38 19
13 66 15
12 29 23
3 31 19
5 58 34
9 22 18
13 67 16
5 61 35
12 31 24
3 73 14
x
x
2 90 19
2 94 20
4 82 43
13 46 15
5 63 36
2 96 21
6 8 22
5 64 37
x
x
8 43 20
x
x
13 68 17
3 32 20
x
x
1 53 19
1 0 11
13 70 18
x
12 33 25
1 5 12
8 72 20
15 84 21
0 97 13
5 65 38
12 34 26
x
x
1 45 21
13 73 19
15 85 22
x
0 99 14
6 11 23
3 77 16
3 78 17
4 85 44
1 10 15
1 15 16
6 15 24
x
8 44 21
x
8 47 22
x
x
15 90 23
14 64 3
10 79 4
8 77 22
3 81 18
12 36 27
x
x
12 42 28
14 68 5
x
4 89 0
x
8 50 23
12 47 29
3 84 19
x
2 98 25
13 75 20
3 38 23
12 50 30
x
5 90 40
5 68 39
11 21 41
5 72 40
15 95 24
11 0 25
6 20 26
6 24 27
12 55 31
x
8 96 42
x
x
x
11 4 26
x
3 87 20
5 74 41
15 99 27
3 89 21
