2 86 28
11 79 1
10 37 0
x
x
11 45 28
x
3 50 1
5 0 2
x
10 44 21
12 84 32
x
8 5 6
8 34 43
15 0 17
8 39 44
10 49 33
2 88 29
3 47 29
11 49 30
x
x
8 40 0
10 54 34
8 45 1
x
x
11 52 31
0 96 7
10 59 35
11 84 2
15 2 18
1 40 24
14 0 3
1 28 8
x
10 0 42
4 20 25
x
1 44 26
11 11 24
0 11 27
0 12 28
8 46 2
0 97 9
11 56 32
x
9 97 3
2 45 22
12 96 4
11 89 4
15 54 25
0 16 29
11 90 5
0 18 30
1 32 10
5 5 19
14 99 5
3 95 6
1 0 26
1 37 11
11 93 6
11 95 7
10 62 36
9 24 12
0 48 7
5 10 20
x
2 62 8
15 4 21
x
5 15 22
x
x
1 99 30
0 20 31
8 47 3
2 92 31
11 96 8
5 18 23
0 24 32
0 29 33
1 55 22
10 2 43
x
12 92 9
x
12 87 37
8 48 4
10 4 44
11 16 27
2 94 32
0 52 23
1 5 28
1 57 24
x
x
10 67 38
5 49 23
1 59 25
9 28 13
1 6 29
15 57 9
x
0 57 26
5 53 24
15 58 10
x
3 58 5
1 11 30
x
10 70 39
11 60 33
8 58 6
0 33 34
3 48 34
15 61 11
x
1 14 31
13 56 35
x
10 9 0
13 61 36
13 66 37
13 71 38
1 19 32
0 35 35
9 30 14
13 73 39
x
7 99 1
6 0 10
0 61 27
2 64 11
4 24 12
12 90 13
3 65 14
x
5 55 25
2 98 33
15 66 12
10 71 40
x
5 21 24
5 58 26
10 13 2
8 82 28
13 0 3
5 62 27
10 74 41
15 69 13
x
4 41 15
8 53 7
10 76 42
x
15 72 14
0 63 29
9 35 15
9 38 16
9 75 40
x
0 66 30
1 20 33
0 69 31
0 0 36
0 2 37
1 22 34
15 74 15
0 3 38
3 73 17
9 43 32
11 65 41
x
x
5 26 25
0 7 39
3 77 18
9 45 33
14 3 34
8 63 8
5 67 28
15 9 35
8 68 9
3 82 19
0 8 40
9 80 42
9 50 34
x
10 80 43
5 31 26
10 83 41
5 71 29
15 75 16
15 76 17
15 79 18
14 8 35
15 12 36
7 35 19
13 2 4
15 16 37
7 39 20
5 33 27
10 84 42
15 81 21
13 3 5
7 44 22
1 38 20
14 13 36
7 48 23
x
x
x
10 88 43
13 75 43
9 84 44
6 76 44
x
2 66 16
9 53 35
9 55 36
2 69 17
x
x
14 14 37
5 75 30
x
5 77 31
1 25 38
x
6 81 0
0 43 18
5 81 32
4 64 33
x
15 20 39
x
10 24 0
7 49 24
14 64 28
15 24 40
x
9 59 37
4 65 34
4 70 35
6 82 1
14 66 29
7 51 25
6 87 2
15 26 41
3 63 10
9 40 21
7 54 26
1 26 42
10 90 44
13 4 6
4 73 36
x
x
3 86 22
4 78 37
3 90 23
x
4 82 38
14 18 38
14 71 30
4 84 39
4 87 40
6 91 3
10 91 0
4 39 31
x
15 84 24
3 53 19
6 93 4
10 92 1
x
15 7 32
8 84 20
4 89 41
2 49 43
2 50 44
15 86 25
x
3 36 21
2 53 0
x
x
14 20 39
8 86 22
13 77 1
10 29 2
14 74 33
15 89 26
3 67 23
14 21 40
4 92 42
9 66 2
3 0 38
x
x
14 23 41
10 93 3
4 96 43
3 2 39
2 0 3
3 5 40
7 58 27
3 9 41
2 56 1
x
7 0 44
6 96 5
7 2 0
10 96 24
15 92 27
x
13 8 7
x
6 34 2
8 88 25
3 12 42
x
15 95 28
5 93 11
14 26 42
13 28 29
13 11 8
12 0 43
13 12 9
11 68 6
6 39 3
13 32 30
13 17 10
7 63 28
13 49 26
14 76 34
9 71 4
9 86 4
2 5 5
14 80 35
13 35 31
x
13 79 43
x
14 82 36
6 6 27
13 40 32
6 44 4
7 3 1
11 72 7
5 39 28
14 85 37
5 97 12
15 32 13
6 8 8
7 68 29
14 87 38
6 13 9
13 84 44
9 0 33
5 37 39
14 92 40
13 45 34
x
13 86 0
10 33 6
7 6 2
2 9 7
12 2 44
10 18 29
x
13 90 1
6 45 5
14 94 41
7 7 3
12 4 0
15 99 35
13 19 11
12 7 1
6 50 6
7 72 30
7 10 4
6 55 7
x
15 35 14
7 12 5
x
6 59 8
7 17 6
x
6 18 10
x
13 93 2
x
6 63 9
x
x
11 75 11
x
15 39 15
x
13 24 12
12 11 2
6 22 12
x
9 5 36
13 96 3
13 52 30
8 9 31
6 25 13
12 14 3
x
9 7 37
8 92 14
14 28 4
12 17 4
12 19 5
12 23 6
12 27 7
12 32 8
9 11 38
7 20 7
6 99 15
x
14 97 42
5 84 43
6 64 10
6 69 11
2 13 8
4 45 13
8 99 32
0 41 33
7 23 8
1 49 34
4 49 14
x
9 13 39
12 37 9
6 71 12
x
x
8 0 44
x
6 74 13
4 0 16
x
4 5 17
x
x
1 62 10
8 11 35
7 28 9
7 77 31
9 16 40
8 15 36
4 54 15
8 18 37
x
0 74 0
4 55 16
x
3 19 14
1 65 11
14 32 5
9 88 9
x
x
x
3 20 15
x
x
x
8 97 18
11 26 12
x
x
x
7 31 10
8 72 11
2 16 10
x
8 21 38
10 35 11
0 78 1
8 24 39
9 17 41
1 68 13
15 44 16
x
x
1 71 14
4 60 17
0 83 2
14 36 6
7 32 12
1 73 15
8 75 13
9 18 42
12 42 18
7 78 32
7 81 33
12 44 19
5 99 17
3 22 16
x
2 19 12
14 39 7
12 48 20
12 51 21
2 23 13
11 18 14
14 42 8
13 98 9
1 78 16
x
12 52 22
14 47 10
3 23 17
3 28 18
1 80 17
15 47 18
4 10 19
7 33 15
12 57 23
3 33 19
7 82 34
9 64 18
8 79 16
7 85 35
12 59 24
2 27 14
x
x
1 84 19
1 88 20
9 20 43
2 31 15
7 87 36
1 90 21
1 92 22
7 88 37
x
x
6 29 20
x
x
8 80 17
3 38 20
x
x
15 48 19
14 51 11
11 23 18
x
12 61 25
14 56 12
15 49 20
3 34 21
14 61 13
7 89 38
12 62 26
x
x
11 0 21
10 40 19
3 41 22
x
4 29 14
1 95 23
2 33 16
2 34 17
9 90 44
4 30 15
4 35 16
2 74 24
x
6 30 21
x
4 15 22
x
x
11 28 23
0 88 3
5 89 4
11 3 22
2 37 18
12 64 27
x
x
12 68 28
0 92 5
x
9 94 0
x
4 18 23
12 73 29
2 40 19
x
3 17 25
10 42 20
11 7 23
12 76 30
x
8 27 40
7 92 39
8 29 41
7 96 40
11 33 24
11 37 25
2 79 26
2 83 27
12 81 31
x
8 32 42
x
x
x
11 41 26
x
2 43 20
7 98 41
3 46 27
5 45 21
