7 87 28
11 58 1
3 50 0
x
x
3 12 28
x
10 37 1
0 48 2
x
6 22 21
13 96 32
x
10 24 6
0 63 43
8 69 17
14 99 44
14 3 33
7 89 29
2 98 29
3 19 30
x
x
0 68 0
14 8 34
0 74 1
x
x
3 22 31
9 99 7
14 13 35
11 68 2
8 89 18
15 27 24
14 0 3
10 27 8
x
12 76 42
15 32 25
x
15 35 26
1 55 24
15 39 27
15 40 28
0 75 2
10 31 9
3 26 32
x
11 63 3
4 71 22
0 43 4
11 73 4
1 62 25
15 44 29
11 74 5
15 46 30
10 40 10
9 4 19
0 41 5
1 49 6
1 64 26
10 16 11
11 79 6
11 77 7
14 16 36
10 49 12
4 24 7
9 9 20
x
0 0 8
9 14 21
x
9 17 22
x
x
7 93 30
15 48 31
0 76 3
7 94 31
11 81 8
9 20 23
15 57 32
15 52 33
6 26 22
12 78 43
x
4 41 9
x
14 21 37
0 77 4
12 80 44
1 38 27
7 96 32
6 28 23
1 60 28
6 34 24
x
x
14 23 38
4 74 23
6 36 25
10 34 13
1 69 29
11 85 9
x
6 38 26
4 78 24
11 86 10
x
0 82 5
1 74 30
x
13 99 39
3 30 33
0 87 6
15 62 34
2 99 34
11 89 11
x
1 77 31
3 38 35
x
12 85 0
3 43 36
3 58 37
3 16 38
1 82 32
15 64 35
10 53 14
3 73 39
x
13 0 1
3 67 10
6 42 27
0 2 11
5 0 12
3 36 13
3 65 14
x
4 80 25
8 0 33
11 94 12
14 28 40
x
9 24 24
4 83 26
13 1 2
5 99 28
13 5 3
4 87 27
14 31 41
11 97 13
x
12 92 15
0 92 7
14 33 42
x
12 0 14
6 44 29
10 45 15
10 58 16
3 75 40
x
6 47 30
1 83 33
6 50 31
15 69 36
15 71 37
1 85 34
12 2 15
15 72 38
10 60 17
6 54 32
3 48 41
x
x
9 29 25
15 76 39
10 64 18
6 56 33
8 2 34
1 0 8
4 92 28
1 88 35
0 96 9
10 69 19
15 77 40
3 80 42
6 61 34
x
14 37 43
9 34 26
15 79 41
4 96 29
12 3 16
12 4 17
12 7 18
8 9 35
1 91 36
12 9 19
13 7 4
1 95 37
12 13 20
9 36 27
15 84 42
12 18 21
13 8 5
12 20 22
10 73 20
8 7 36
12 24 23
x
x
x
15 80 43
3 84 43
3 86 44
14 39 44
x
0 4 16
6 64 35
6 66 36
3 53 17
x
x
8 14 37
5 5 30
x
5 7 31
1 99 38
x
14 26 0
10 96 18
5 11 32
4 39 33
x
2 0 39
x
3 88 0
12 25 24
9 40 28
2 4 40
x
6 70 37
5 13 34
5 18 35
14 44 1
9 43 29
12 27 25
14 49 2
2 6 41
0 99 10
10 74 21
12 30 26
2 11 42
15 82 44
13 9 6
5 21 36
x
x
10 76 22
5 26 37
10 83 23
x
5 30 38
8 18 38
9 48 30
5 32 39
5 35 40
14 53 3
15 88 0
8 97 31
x
10 80 24
12 96 19
14 55 4
15 89 1
x
9 51 32
0 7 20
5 45 41
2 12 43
2 13 44
10 87 25
x
0 9 21
2 16 0
x
x
8 20 39
0 11 22
3 63 1
4 0 2
9 52 33
10 90 26
3 95 23
8 21 40
5 48 42
15 90 2
6 76 38
x
x
8 23 41
15 95 3
5 52 43
6 78 39
4 4 3
6 81 40
12 34 27
6 85 41
2 19 1
x
5 56 44
14 58 5
5 37 0
0 13 24
11 0 27
x
13 13 7
x
2 24 2
0 17 25
6 88 42
x
11 3 28
1 5 11
8 26 42
11 7 29
13 16 8
6 93 43
13 17 9
14 64 6
2 29 3
11 11 30
13 22 10
12 42 28
0 20 26
9 54 34
15 97 4
4 9 4
4 11 5
9 58 35
11 18 31
x
8 27 43
x
9 60 36
6 6 27
11 28 32
2 34 4
5 58 1
14 68 7
5 39 28
9 63 37
1 9 12
1 11 13
14 71 8
12 47 29
9 66 38
14 76 9
8 32 44
11 33 33
9 71 39
9 72 40
11 14 34
x
8 34 0
4 15 6
5 61 2
4 17 7
6 95 44
6 0 29
x
8 38 1
2 35 5
9 75 41
5 62 3
6 97 0
10 93 35
13 28 11
7 0 1
2 40 6
12 51 30
5 65 4
2 49 7
x
1 14 14
5 67 5
x
2 53 8
5 72 6
x
14 81 10
x
8 41 2
x
2 45 9
x
x
14 85 11
x
1 18 15
x
13 24 12
7 4 2
14 88 12
x
11 23 36
8 44 3
0 23 30
0 26 31
14 91 13
7 7 3
x
11 38 37
15 0 14
8 46 4
7 10 4
7 12 5
7 16 6
7 20 7
7 25 8
11 25 38
5 75 7
14 61 15
x
9 78 42
9 79 43
2 62 10
2 46 11
4 29 8
13 33 13
8 99 32
12 90 33
5 78 8
10 18 34
13 37 14
x
11 42 39
7 30 9
2 57 12
x
x
9 84 44
x
2 60 13
15 9 16
x
15 14 17
x
x
7 35 10
0 28 35
5 84 9
12 39 31
10 94 40
0 32 36
13 42 15
0 35 37
x
9 90 0
13 43 16
x
2 67 14
7 38 11
8 50 5
3 93 9
x
x
x
2 68 15
x
x
x
14 62 18
7 41 12
x
x
x
5 87 10
5 88 11
4 32 10
x
0 52 38
4 21 11
9 94 1
0 55 39
11 45 41
7 42 13
1 23 16
x
x
7 45 14
13 49 17
10 0 2
8 54 6
5 91 12
7 47 15
5 93 13
11 46 42
13 52 18
12 56 32
12 40 33
13 56 19
1 26 17
2 70 16
x
4 35 12
8 58 7
13 60 20
13 54 21
4 45 13
6 8 14
8 61 8
8 66 9
7 52 16
x
13 63 22
8 72 10
2 74 17
2 79 18
7 54 17
1 28 18
15 19 19
5 97 15
13 68 23
2 71 19
12 59 34
7 58 18
5 98 16
12 62 35
13 70 24
4 49 14
x
x
7 59 19
7 63 20
11 48 43
4 53 15
12 64 36
7 65 21
7 67 22
12 65 37
x
x
14 95 20
x
x
6 13 17
2 84 20
x
x
1 29 19
8 76 11
6 15 18
x
13 72 25
8 84 12
1 30 20
2 72 21
8 81 13
12 66 38
13 73 26
x
x
1 35 21
6 18 19
2 87 22
x
8 68 14
7 70 23
4 22 16
4 55 17
11 51 44
8 92 15
9 0 16
7 74 24
x
15 5 21
x
15 24 22
x
x
2 92 23
10 5 3
10 9 4
1 40 22
4 58 18
13 79 27
x
x
13 83 28
10 12 5
x
11 55 0
x
14 96 23
13 75 29
4 64 19
x
7 79 25
6 20 20
1 44 23
13 88 30
x
0 38 40
12 69 39
0 58 41
12 73 40
3 0 24
3 4 25
7 80 26
7 84 27
13 93 31
x
0 61 42
x
x
x
3 8 26
x
4 61 20
12 75 41
2 97 27
4 67 21
